{"/Users/harzaan/repos/digital-marketplace/config/db.js": {"path":"/Users/harzaan/repos/digital-marketplace/config/db.js","statementMap":{"0":{"start":{"line":1,"column":14},"end":{"line":1,"column":39}},"1":{"start":{"line":3,"column":13},"end":{"line":12,"column":2}},"2":{"start":{"line":14,"column":0},"end":{"line":14,"column":22}}},"fnMap":{},"branchMap":{"0":{"loc":{"start":{"line":5,"column":8},"end":{"line":5,"column":35}},"type":"binary-expr","locations":[{"start":{"line":5,"column":8},"end":{"line":5,"column":27}},{"start":{"line":5,"column":31},"end":{"line":5,"column":35}}],"line":5}},"s":{"0":3,"1":3,"2":3},"f":{},"b":{"0":[3,3]},"_coverageSchema":"1a1c01bbd47fc00a2c39e90264f33305004495a9","hash":"c7f3fa820d83003dc9799afc1b660fba91df8f70"}
,"/Users/harzaan/repos/digital-marketplace/controllers/alertController.js": {"path":"/Users/harzaan/repos/digital-marketplace/controllers/alertController.js","statementMap":{"0":{"start":{"line":1,"column":13},"end":{"line":1,"column":36}},"1":{"start":{"line":6,"column":20},"end":{"line":127,"column":1}},"2":{"start":{"line":7,"column":2},"end":{"line":126,"column":3}},"3":{"start":{"line":8,"column":4},"end":{"line":8,"column":42}},"4":{"start":{"line":10,"column":69},"end":{"line":10,"column":77}},"5":{"start":{"line":12,"column":4},"end":{"line":15,"column":5}},"6":{"start":{"line":13,"column":6},"end":{"line":13,"column":35}},"7":{"start":{"line":14,"column":6},"end":{"line":14,"column":79}},"8":{"start":{"line":18,"column":4},"end":{"line":21,"column":5}},"9":{"start":{"line":19,"column":6},"end":{"line":19,"column":35}},"10":{"start":{"line":20,"column":6},"end":{"line":20,"column":94}},"11":{"start":{"line":24,"column":28},"end":{"line":27,"column":5}},"12":{"start":{"line":29,"column":4},"end":{"line":32,"column":5}},"13":{"start":{"line":30,"column":6},"end":{"line":30,"column":35}},"14":{"start":{"line":31,"column":6},"end":{"line":31,"column":69}},"15":{"start":{"line":34,"column":22},"end":{"line":34,"column":38}},"16":{"start":{"line":37,"column":4},"end":{"line":63,"column":5}},"17":{"start":{"line":38,"column":25},"end":{"line":41,"column":7}},"18":{"start":{"line":43,"column":6},"end":{"line":46,"column":7}},"19":{"start":{"line":44,"column":8},"end":{"line":44,"column":37}},"20":{"start":{"line":45,"column":8},"end":{"line":45,"column":90}},"21":{"start":{"line":48,"column":19},"end":{"line":48,"column":30}},"22":{"start":{"line":51,"column":6},"end":{"line":54,"column":7}},"23":{"start":{"line":52,"column":8},"end":{"line":52,"column":37}},"24":{"start":{"line":53,"column":8},"end":{"line":53,"column":93}},"25":{"start":{"line":57,"column":6},"end":{"line":62,"column":7}},"26":{"start":{"line":58,"column":8},"end":{"line":58,"column":37}},"27":{"start":{"line":59,"column":8},"end":{"line":61,"column":11}},"28":{"start":{"line":66,"column":4},"end":{"line":76,"column":5}},"29":{"start":{"line":67,"column":29},"end":{"line":70,"column":7}},"30":{"start":{"line":72,"column":6},"end":{"line":75,"column":7}},"31":{"start":{"line":73,"column":8},"end":{"line":73,"column":37}},"32":{"start":{"line":74,"column":8},"end":{"line":74,"column":71}},"33":{"start":{"line":79,"column":30},"end":{"line":79,"column":97}},"34":{"start":{"line":80,"column":33},"end":{"line":80,"column":66}},"35":{"start":{"line":82,"column":4},"end":{"line":87,"column":5}},"36":{"start":{"line":83,"column":6},"end":{"line":83,"column":48}},"37":{"start":{"line":84,"column":6},"end":{"line":84,"column":41}},"38":{"start":{"line":86,"column":6},"end":{"line":86,"column":52}},"39":{"start":{"line":89,"column":4},"end":{"line":94,"column":5}},"40":{"start":{"line":90,"column":6},"end":{"line":90,"column":52}},"41":{"start":{"line":91,"column":6},"end":{"line":91,"column":45}},"42":{"start":{"line":93,"column":6},"end":{"line":93,"column":56}},"43":{"start":{"line":96,"column":30},"end":{"line":96,"column":89}},"44":{"start":{"line":98,"column":4},"end":{"line":101,"column":5}},"45":{"start":{"line":99,"column":6},"end":{"line":99,"column":35}},"46":{"start":{"line":100,"column":6},"end":{"line":100,"column":82}},"47":{"start":{"line":104,"column":21},"end":{"line":107,"column":5}},"48":{"start":{"line":109,"column":4},"end":{"line":112,"column":5}},"49":{"start":{"line":110,"column":6},"end":{"line":110,"column":35}},"50":{"start":{"line":111,"column":6},"end":{"line":111,"column":73}},"51":{"start":{"line":114,"column":19},"end":{"line":117,"column":5}},"52":{"start":{"line":119,"column":4},"end":{"line":119,"column":31}},"53":{"start":{"line":120,"column":4},"end":{"line":120,"column":34}},"54":{"start":{"line":123,"column":4},"end":{"line":123,"column":33}},"55":{"start":{"line":124,"column":4},"end":{"line":124,"column":25}},"56":{"start":{"line":125,"column":4},"end":{"line":125,"column":54}},"57":{"start":{"line":132,"column":22},"end":{"line":181,"column":1}},"58":{"start":{"line":133,"column":2},"end":{"line":180,"column":3}},"59":{"start":{"line":135,"column":17},"end":{"line":135,"column":46}},"60":{"start":{"line":136,"column":18},"end":{"line":136,"column":49}},"61":{"start":{"line":137,"column":19},"end":{"line":137,"column":37}},"62":{"start":{"line":140,"column":19},"end":{"line":153,"column":5}},"63":{"start":{"line":156,"column":26},"end":{"line":163,"column":5}},"64":{"start":{"line":165,"column":23},"end":{"line":165,"column":43}},"65":{"start":{"line":166,"column":23},"end":{"line":166,"column":52}},"66":{"start":{"line":168,"column":4},"end":{"line":176,"column":7}},"67":{"start":{"line":178,"column":4},"end":{"line":178,"column":25}},"68":{"start":{"line":179,"column":4},"end":{"line":179,"column":54}},"69":{"start":{"line":186,"column":24},"end":{"line":228,"column":1}},"70":{"start":{"line":187,"column":2},"end":{"line":227,"column":3}},"71":{"start":{"line":188,"column":4},"end":{"line":188,"column":42}},"72":{"start":{"line":191,"column":19},"end":{"line":194,"column":5}},"73":{"start":{"line":196,"column":4},"end":{"line":199,"column":5}},"74":{"start":{"line":197,"column":6},"end":{"line":197,"column":35}},"75":{"start":{"line":198,"column":6},"end":{"line":198,"column":66}},"76":{"start":{"line":201,"column":18},"end":{"line":201,"column":25}},"77":{"start":{"line":204,"column":4},"end":{"line":207,"column":5}},"78":{"start":{"line":205,"column":6},"end":{"line":205,"column":35}},"79":{"start":{"line":206,"column":6},"end":{"line":206,"column":65}},"80":{"start":{"line":210,"column":21},"end":{"line":213,"column":5}},"81":{"start":{"line":215,"column":4},"end":{"line":218,"column":5}},"82":{"start":{"line":216,"column":6},"end":{"line":216,"column":35}},"83":{"start":{"line":217,"column":6},"end":{"line":217,"column":64}},"84":{"start":{"line":220,"column":4},"end":{"line":220,"column":31}},"85":{"start":{"line":221,"column":4},"end":{"line":221,"column":50}},"86":{"start":{"line":224,"column":4},"end":{"line":224,"column":33}},"87":{"start":{"line":225,"column":4},"end":{"line":225,"column":25}},"88":{"start":{"line":226,"column":4},"end":{"line":226,"column":54}},"89":{"start":{"line":233,"column":20},"end":{"line":275,"column":1}},"90":{"start":{"line":234,"column":2},"end":{"line":274,"column":3}},"91":{"start":{"line":235,"column":4},"end":{"line":235,"column":42}},"92":{"start":{"line":238,"column":19},"end":{"line":241,"column":5}},"93":{"start":{"line":243,"column":4},"end":{"line":246,"column":5}},"94":{"start":{"line":244,"column":6},"end":{"line":244,"column":35}},"95":{"start":{"line":245,"column":6},"end":{"line":245,"column":66}},"96":{"start":{"line":248,"column":18},"end":{"line":248,"column":25}},"97":{"start":{"line":251,"column":4},"end":{"line":254,"column":5}},"98":{"start":{"line":252,"column":6},"end":{"line":252,"column":35}},"99":{"start":{"line":253,"column":6},"end":{"line":253,"column":65}},"100":{"start":{"line":257,"column":21},"end":{"line":260,"column":5}},"101":{"start":{"line":262,"column":4},"end":{"line":265,"column":5}},"102":{"start":{"line":263,"column":6},"end":{"line":263,"column":35}},"103":{"start":{"line":264,"column":6},"end":{"line":264,"column":64}},"104":{"start":{"line":267,"column":4},"end":{"line":267,"column":31}},"105":{"start":{"line":268,"column":4},"end":{"line":268,"column":43}},"106":{"start":{"line":271,"column":4},"end":{"line":271,"column":33}},"107":{"start":{"line":272,"column":4},"end":{"line":272,"column":25}},"108":{"start":{"line":273,"column":4},"end":{"line":273,"column":54}},"109":{"start":{"line":280,"column":22},"end":{"line":288,"column":1}},"110":{"start":{"line":281,"column":2},"end":{"line":287,"column":3}},"111":{"start":{"line":282,"column":19},"end":{"line":282,"column":64}},"112":{"start":{"line":283,"column":4},"end":{"line":283,"column":19}},"113":{"start":{"line":285,"column":4},"end":{"line":285,"column":25}},"114":{"start":{"line":286,"column":4},"end":{"line":286,"column":54}},"115":{"start":{"line":293,"column":28},"end":{"line":313,"column":1}},"116":{"start":{"line":294,"column":2},"end":{"line":312,"column":3}},"117":{"start":{"line":295,"column":4},"end":{"line":295,"column":42}},"118":{"start":{"line":297,"column":21},"end":{"line":300,"column":5}},"119":{"start":{"line":302,"column":4},"end":{"line":302,"column":31}},"120":{"start":{"line":303,"column":4},"end":{"line":306,"column":7}},"121":{"start":{"line":309,"column":4},"end":{"line":309,"column":33}},"122":{"start":{"line":310,"column":4},"end":{"line":310,"column":25}},"123":{"start":{"line":311,"column":4},"end":{"line":311,"column":54}},"124":{"start":{"line":315,"column":0},"end":{"line":322,"column":2}}},"fnMap":{"0":{"name":"(anonymous_0)","decl":{"start":{"line":6,"column":20},"end":{"line":6,"column":21}},"loc":{"start":{"line":6,"column":40},"end":{"line":127,"column":1}},"line":6},"1":{"name":"(anonymous_1)","decl":{"start":{"line":132,"column":22},"end":{"line":132,"column":23}},"loc":{"start":{"line":132,"column":42},"end":{"line":181,"column":1}},"line":132},"2":{"name":"(anonymous_2)","decl":{"start":{"line":186,"column":24},"end":{"line":186,"column":25}},"loc":{"start":{"line":186,"column":44},"end":{"line":228,"column":1}},"line":186},"3":{"name":"(anonymous_3)","decl":{"start":{"line":233,"column":20},"end":{"line":233,"column":21}},"loc":{"start":{"line":233,"column":40},"end":{"line":275,"column":1}},"line":233},"4":{"name":"(anonymous_4)","decl":{"start":{"line":280,"column":22},"end":{"line":280,"column":23}},"loc":{"start":{"line":280,"column":42},"end":{"line":288,"column":1}},"line":280},"5":{"name":"(anonymous_5)","decl":{"start":{"line":293,"column":28},"end":{"line":293,"column":29}},"loc":{"start":{"line":293,"column":48},"end":{"line":313,"column":1}},"line":293}},"branchMap":{"0":{"loc":{"start":{"line":12,"column":4},"end":{"line":15,"column":5}},"type":"if","locations":[{"start":{"line":12,"column":4},"end":{"line":15,"column":5}},{"start":{},"end":{}}],"line":12},"1":{"loc":{"start":{"line":18,"column":4},"end":{"line":21,"column":5}},"type":"if","locations":[{"start":{"line":18,"column":4},"end":{"line":21,"column":5}},{"start":{},"end":{}}],"line":18},"2":{"loc":{"start":{"line":18,"column":8},"end":{"line":18,"column":32}},"type":"binary-expr","locations":[{"start":{"line":18,"column":8},"end":{"line":18,"column":16}},{"start":{"line":18,"column":20},"end":{"line":18,"column":32}}],"line":18},"3":{"loc":{"start":{"line":29,"column":4},"end":{"line":32,"column":5}},"type":"if","locations":[{"start":{"line":29,"column":4},"end":{"line":32,"column":5}},{"start":{},"end":{}}],"line":29},"4":{"loc":{"start":{"line":37,"column":4},"end":{"line":63,"column":5}},"type":"if","locations":[{"start":{"line":37,"column":4},"end":{"line":63,"column":5}},{"start":{},"end":{}}],"line":37},"5":{"loc":{"start":{"line":43,"column":6},"end":{"line":46,"column":7}},"type":"if","locations":[{"start":{"line":43,"column":6},"end":{"line":46,"column":7}},{"start":{},"end":{}}],"line":43},"6":{"loc":{"start":{"line":51,"column":6},"end":{"line":54,"column":7}},"type":"if","locations":[{"start":{"line":51,"column":6},"end":{"line":54,"column":7}},{"start":{},"end":{}}],"line":51},"7":{"loc":{"start":{"line":57,"column":6},"end":{"line":62,"column":7}},"type":"if","locations":[{"start":{"line":57,"column":6},"end":{"line":62,"column":7}},{"start":{},"end":{}}],"line":57},"8":{"loc":{"start":{"line":57,"column":10},"end":{"line":57,"column":96}},"type":"binary-expr","locations":[{"start":{"line":57,"column":10},"end":{"line":57,"column":41}},{"start":{"line":57,"column":46},"end":{"line":57,"column":62}},{"start":{"line":57,"column":66},"end":{"line":57,"column":95}}],"line":57},"9":{"loc":{"start":{"line":66,"column":4},"end":{"line":76,"column":5}},"type":"if","locations":[{"start":{"line":66,"column":4},"end":{"line":76,"column":5}},{"start":{},"end":{}}],"line":66},"10":{"loc":{"start":{"line":72,"column":6},"end":{"line":75,"column":7}},"type":"if","locations":[{"start":{"line":72,"column":6},"end":{"line":75,"column":7}},{"start":{},"end":{}}],"line":72},"11":{"loc":{"start":{"line":82,"column":4},"end":{"line":87,"column":5}},"type":"if","locations":[{"start":{"line":82,"column":4},"end":{"line":87,"column":5}},{"start":{"line":85,"column":11},"end":{"line":87,"column":5}}],"line":82},"12":{"loc":{"start":{"line":89,"column":4},"end":{"line":94,"column":5}},"type":"if","locations":[{"start":{"line":89,"column":4},"end":{"line":94,"column":5}},{"start":{"line":92,"column":11},"end":{"line":94,"column":5}}],"line":89},"13":{"loc":{"start":{"line":98,"column":4},"end":{"line":101,"column":5}},"type":"if","locations":[{"start":{"line":98,"column":4},"end":{"line":101,"column":5}},{"start":{},"end":{}}],"line":98},"14":{"loc":{"start":{"line":106,"column":40},"end":{"line":106,"column":55}},"type":"binary-expr","locations":[{"start":{"line":106,"column":40},"end":{"line":106,"column":47}},{"start":{"line":106,"column":51},"end":{"line":106,"column":55}}],"line":106},"15":{"loc":{"start":{"line":106,"column":57},"end":{"line":106,"column":76}},"type":"binary-expr","locations":[{"start":{"line":106,"column":57},"end":{"line":106,"column":68}},{"start":{"line":106,"column":72},"end":{"line":106,"column":76}}],"line":106},"16":{"loc":{"start":{"line":106,"column":78},"end":{"line":106,"column":101}},"type":"binary-expr","locations":[{"start":{"line":106,"column":78},"end":{"line":106,"column":93}},{"start":{"line":106,"column":97},"end":{"line":106,"column":101}}],"line":106},"17":{"loc":{"start":{"line":109,"column":4},"end":{"line":112,"column":5}},"type":"if","locations":[{"start":{"line":109,"column":4},"end":{"line":112,"column":5}},{"start":{},"end":{}}],"line":109},"18":{"loc":{"start":{"line":135,"column":17},"end":{"line":135,"column":46}},"type":"binary-expr","locations":[{"start":{"line":135,"column":17},"end":{"line":135,"column":41}},{"start":{"line":135,"column":45},"end":{"line":135,"column":46}}],"line":135},"19":{"loc":{"start":{"line":136,"column":18},"end":{"line":136,"column":49}},"type":"binary-expr","locations":[{"start":{"line":136,"column":18},"end":{"line":136,"column":43}},{"start":{"line":136,"column":47},"end":{"line":136,"column":49}}],"line":136},"20":{"loc":{"start":{"line":196,"column":4},"end":{"line":199,"column":5}},"type":"if","locations":[{"start":{"line":196,"column":4},"end":{"line":199,"column":5}},{"start":{},"end":{}}],"line":196},"21":{"loc":{"start":{"line":204,"column":4},"end":{"line":207,"column":5}},"type":"if","locations":[{"start":{"line":204,"column":4},"end":{"line":207,"column":5}},{"start":{},"end":{}}],"line":204},"22":{"loc":{"start":{"line":215,"column":4},"end":{"line":218,"column":5}},"type":"if","locations":[{"start":{"line":215,"column":4},"end":{"line":218,"column":5}},{"start":{},"end":{}}],"line":215},"23":{"loc":{"start":{"line":243,"column":4},"end":{"line":246,"column":5}},"type":"if","locations":[{"start":{"line":243,"column":4},"end":{"line":246,"column":5}},{"start":{},"end":{}}],"line":243},"24":{"loc":{"start":{"line":251,"column":4},"end":{"line":254,"column":5}},"type":"if","locations":[{"start":{"line":251,"column":4},"end":{"line":254,"column":5}},{"start":{},"end":{}}],"line":251},"25":{"loc":{"start":{"line":262,"column":4},"end":{"line":265,"column":5}},"type":"if","locations":[{"start":{"line":262,"column":4},"end":{"line":265,"column":5}},{"start":{},"end":{}}],"line":262}},"s":{"0":1,"1":1,"2":8,"3":8,"4":8,"5":8,"6":1,"7":1,"8":7,"9":1,"10":1,"11":6,"12":6,"13":1,"14":1,"15":5,"16":5,"17":5,"18":5,"19":1,"20":1,"21":4,"22":4,"23":1,"24":1,"25":3,"26":1,"27":1,"28":2,"29":0,"30":0,"31":0,"32":0,"33":2,"34":2,"35":2,"36":2,"37":2,"38":0,"39":2,"40":0,"41":0,"42":2,"43":2,"44":2,"45":1,"46":1,"47":1,"48":1,"49":0,"50":0,"51":1,"52":1,"53":1,"54":0,"55":0,"56":0,"57":1,"58":0,"59":0,"60":0,"61":0,"62":0,"63":0,"64":0,"65":0,"66":0,"67":0,"68":0,"69":1,"70":0,"71":0,"72":0,"73":0,"74":0,"75":0,"76":0,"77":0,"78":0,"79":0,"80":0,"81":0,"82":0,"83":0,"84":0,"85":0,"86":0,"87":0,"88":0,"89":1,"90":0,"91":0,"92":0,"93":0,"94":0,"95":0,"96":0,"97":0,"98":0,"99":0,"100":0,"101":0,"102":0,"103":0,"104":0,"105":0,"106":0,"107":0,"108":0,"109":1,"110":0,"111":0,"112":0,"113":0,"114":0,"115":1,"116":0,"117":0,"118":0,"119":0,"120":0,"121":0,"122":0,"123":0,"124":1},"f":{"0":8,"1":0,"2":0,"3":0,"4":0,"5":0},"b":{"0":[1,7],"1":[1,6],"2":[7,1],"3":[1,5],"4":[5,0],"5":[1,4],"6":[1,3],"7":[1,2],"8":[3,3,3],"9":[0,2],"10":[0,0],"11":[2,0],"12":[0,2],"13":[1,1],"14":[1,0],"15":[1,1],"16":[1,0],"17":[0,1],"18":[0,0],"19":[0,0],"20":[0,0],"21":[0,0],"22":[0,0],"23":[0,0],"24":[0,0],"25":[0,0]},"_coverageSchema":"1a1c01bbd47fc00a2c39e90264f33305004495a9","hash":"7857e94fbbe8a75d73b5bfd98445dcd46f0a37b5"}
,"/Users/harzaan/repos/digital-marketplace/controllers/categoryController.js": {"path":"/Users/harzaan/repos/digital-marketplace/controllers/categoryController.js","statementMap":{"0":{"start":{"line":1,"column":13},"end":{"line":1,"column":36}},"1":{"start":{"line":6,"column":22},"end":{"line":14,"column":1}},"2":{"start":{"line":7,"column":2},"end":{"line":13,"column":3}},"3":{"start":{"line":8,"column":19},"end":{"line":8,"column":63}},"4":{"start":{"line":9,"column":4},"end":{"line":9,"column":19}},"5":{"start":{"line":11,"column":4},"end":{"line":11,"column":25}},"6":{"start":{"line":12,"column":4},"end":{"line":12,"column":54}},"7":{"start":{"line":19,"column":24},"end":{"line":35,"column":1}},"8":{"start":{"line":20,"column":2},"end":{"line":34,"column":3}},"9":{"start":{"line":21,"column":19},"end":{"line":24,"column":5}},"10":{"start":{"line":26,"column":4},"end":{"line":28,"column":5}},"11":{"start":{"line":27,"column":6},"end":{"line":27,"column":69}},"12":{"start":{"line":30,"column":4},"end":{"line":30,"column":22}},"13":{"start":{"line":32,"column":4},"end":{"line":32,"column":25}},"14":{"start":{"line":33,"column":4},"end":{"line":33,"column":54}},"15":{"start":{"line":40,"column":23},"end":{"line":67,"column":1}},"16":{"start":{"line":41,"column":2},"end":{"line":66,"column":3}},"17":{"start":{"line":42,"column":34},"end":{"line":42,"column":42}},"18":{"start":{"line":44,"column":4},"end":{"line":46,"column":5}},"19":{"start":{"line":45,"column":6},"end":{"line":45,"column":68}},"20":{"start":{"line":48,"column":21},"end":{"line":51,"column":5}},"21":{"start":{"line":53,"column":4},"end":{"line":62,"column":5}},"22":{"start":{"line":54,"column":21},"end":{"line":57,"column":7}},"23":{"start":{"line":59,"column":6},"end":{"line":59,"column":36}},"24":{"start":{"line":61,"column":6},"end":{"line":61,"column":69}},"25":{"start":{"line":64,"column":4},"end":{"line":64,"column":25}},"26":{"start":{"line":65,"column":4},"end":{"line":65,"column":54}},"27":{"start":{"line":69,"column":0},"end":{"line":73,"column":2}}},"fnMap":{"0":{"name":"(anonymous_0)","decl":{"start":{"line":6,"column":22},"end":{"line":6,"column":23}},"loc":{"start":{"line":6,"column":42},"end":{"line":14,"column":1}},"line":6},"1":{"name":"(anonymous_1)","decl":{"start":{"line":19,"column":24},"end":{"line":19,"column":25}},"loc":{"start":{"line":19,"column":44},"end":{"line":35,"column":1}},"line":19},"2":{"name":"(anonymous_2)","decl":{"start":{"line":40,"column":23},"end":{"line":40,"column":24}},"loc":{"start":{"line":40,"column":43},"end":{"line":67,"column":1}},"line":40}},"branchMap":{"0":{"loc":{"start":{"line":26,"column":4},"end":{"line":28,"column":5}},"type":"if","locations":[{"start":{"line":26,"column":4},"end":{"line":28,"column":5}},{"start":{},"end":{}}],"line":26},"1":{"loc":{"start":{"line":44,"column":4},"end":{"line":46,"column":5}},"type":"if","locations":[{"start":{"line":44,"column":4},"end":{"line":46,"column":5}},{"start":{},"end":{}}],"line":44},"2":{"loc":{"start":{"line":50,"column":13},"end":{"line":50,"column":32}},"type":"binary-expr","locations":[{"start":{"line":50,"column":13},"end":{"line":50,"column":24}},{"start":{"line":50,"column":28},"end":{"line":50,"column":32}}],"line":50},"3":{"loc":{"start":{"line":53,"column":4},"end":{"line":62,"column":5}},"type":"if","locations":[{"start":{"line":53,"column":4},"end":{"line":62,"column":5}},{"start":{"line":60,"column":11},"end":{"line":62,"column":5}}],"line":53}},"s":{"0":2,"1":2,"2":2,"3":2,"4":1,"5":1,"6":1,"7":2,"8":2,"9":2,"10":2,"11":1,"12":1,"13":0,"14":0,"15":2,"16":0,"17":0,"18":0,"19":0,"20":0,"21":0,"22":0,"23":0,"24":0,"25":0,"26":0,"27":2},"f":{"0":2,"1":2,"2":0},"b":{"0":[1,1],"1":[0,0],"2":[0,0],"3":[0,0]},"_coverageSchema":"1a1c01bbd47fc00a2c39e90264f33305004495a9","hash":"edbb4efe950bd00bebdbbaefab22fc97135b3398"}
,"/Users/harzaan/repos/digital-marketplace/controllers/itemController.js": {"path":"/Users/harzaan/repos/digital-marketplace/controllers/itemController.js","statementMap":{"0":{"start":{"line":1,"column":13},"end":{"line":1,"column":36}},"1":{"start":{"line":2,"column":13},"end":{"line":2,"column":28}},"2":{"start":{"line":3,"column":11},"end":{"line":3,"column":24}},"3":{"start":{"line":4,"column":23},"end":{"line":4,"column":38}},"4":{"start":{"line":7,"column":27},"end":{"line":38,"column":1}},"5":{"start":{"line":8,"column":2},"end":{"line":37,"column":3}},"6":{"start":{"line":10,"column":21},"end":{"line":16,"column":5}},"7":{"start":{"line":19,"column":26},"end":{"line":22,"column":5}},"8":{"start":{"line":24,"column":4},"end":{"line":24,"column":41}},"9":{"start":{"line":24,"column":34},"end":{"line":24,"column":41}},"10":{"start":{"line":25,"column":17},"end":{"line":25,"column":31}},"11":{"start":{"line":28,"column":4},"end":{"line":34,"column":5}},"12":{"start":{"line":29,"column":6},"end":{"line":33,"column":8}},"13":{"start":{"line":36,"column":4},"end":{"line":36,"column":55}},"14":{"start":{"line":41,"column":29},"end":{"line":65,"column":1}},"15":{"start":{"line":42,"column":2},"end":{"line":64,"column":3}},"16":{"start":{"line":44,"column":21},"end":{"line":50,"column":5}},"17":{"start":{"line":53,"column":4},"end":{"line":61,"column":5}},"18":{"start":{"line":54,"column":6},"end":{"line":60,"column":7}},"19":{"start":{"line":55,"column":8},"end":{"line":59,"column":10}},"20":{"start":{"line":63,"column":4},"end":{"line":63,"column":66}},"21":{"start":{"line":70,"column":19},"end":{"line":194,"column":1}},"22":{"start":{"line":71,"column":2},"end":{"line":193,"column":3}},"23":{"start":{"line":72,"column":4},"end":{"line":72,"column":42}},"24":{"start":{"line":74,"column":55},"end":{"line":74,"column":63}},"25":{"start":{"line":77,"column":4},"end":{"line":80,"column":5}},"26":{"start":{"line":78,"column":6},"end":{"line":78,"column":35}},"27":{"start":{"line":79,"column":6},"end":{"line":79,"column":79}},"28":{"start":{"line":82,"column":4},"end":{"line":85,"column":5}},"29":{"start":{"line":83,"column":6},"end":{"line":83,"column":35}},"30":{"start":{"line":84,"column":6},"end":{"line":84,"column":94}},"31":{"start":{"line":87,"column":4},"end":{"line":90,"column":5}},"32":{"start":{"line":88,"column":6},"end":{"line":88,"column":35}},"33":{"start":{"line":89,"column":6},"end":{"line":89,"column":75}},"34":{"start":{"line":93,"column":28},"end":{"line":96,"column":5}},"35":{"start":{"line":98,"column":4},"end":{"line":101,"column":5}},"36":{"start":{"line":99,"column":6},"end":{"line":99,"column":35}},"37":{"start":{"line":100,"column":6},"end":{"line":100,"column":67}},"38":{"start":{"line":104,"column":19},"end":{"line":104,"column":21}},"39":{"start":{"line":105,"column":24},"end":{"line":105,"column":28}},"40":{"start":{"line":108,"column":4},"end":{"line":136,"column":5}},"41":{"start":{"line":109,"column":19},"end":{"line":109,"column":33}},"42":{"start":{"line":112,"column":28},"end":{"line":112,"column":44}},"43":{"start":{"line":113,"column":6},"end":{"line":116,"column":7}},"44":{"start":{"line":114,"column":8},"end":{"line":114,"column":37}},"45":{"start":{"line":115,"column":8},"end":{"line":115,"column":81}},"46":{"start":{"line":119,"column":23},"end":{"line":119,"column":62}},"47":{"start":{"line":120,"column":6},"end":{"line":120,"column":46}},"48":{"start":{"line":121,"column":25},"end":{"line":121,"column":61}},"49":{"start":{"line":124,"column":6},"end":{"line":126,"column":7}},"50":{"start":{"line":125,"column":8},"end":{"line":125,"column":68}},"51":{"start":{"line":128,"column":6},"end":{"line":135,"column":7}},"52":{"start":{"line":130,"column":8},"end":{"line":130,"column":34}},"53":{"start":{"line":132,"column":8},"end":{"line":132,"column":37}},"54":{"start":{"line":133,"column":8},"end":{"line":133,"column":51}},"55":{"start":{"line":134,"column":8},"end":{"line":134,"column":71}},"56":{"start":{"line":139,"column":4},"end":{"line":165,"column":5}},"57":{"start":{"line":140,"column":24},"end":{"line":140,"column":43}},"58":{"start":{"line":143,"column":30},"end":{"line":143,"column":101}},"59":{"start":{"line":144,"column":6},"end":{"line":147,"column":7}},"60":{"start":{"line":145,"column":8},"end":{"line":145,"column":37}},"61":{"start":{"line":146,"column":8},"end":{"line":146,"column":84}},"62":{"start":{"line":149,"column":28},"end":{"line":149,"column":78}},"63":{"start":{"line":150,"column":6},"end":{"line":150,"column":61}},"64":{"start":{"line":151,"column":34},"end":{"line":151,"column":80}},"65":{"start":{"line":154,"column":6},"end":{"line":156,"column":7}},"66":{"start":{"line":155,"column":8},"end":{"line":155,"column":73}},"67":{"start":{"line":158,"column":6},"end":{"line":164,"column":7}},"68":{"start":{"line":159,"column":8},"end":{"line":159,"column":48}},"69":{"start":{"line":161,"column":8},"end":{"line":161,"column":37}},"70":{"start":{"line":162,"column":8},"end":{"line":162,"column":56}},"71":{"start":{"line":163,"column":8},"end":{"line":163,"column":76}},"72":{"start":{"line":168,"column":21},"end":{"line":171,"column":5}},"73":{"start":{"line":173,"column":4},"end":{"line":176,"column":5}},"74":{"start":{"line":174,"column":6},"end":{"line":174,"column":35}},"75":{"start":{"line":175,"column":6},"end":{"line":175,"column":72}},"76":{"start":{"line":178,"column":19},"end":{"line":181,"column":5}},"77":{"start":{"line":184,"column":4},"end":{"line":184,"column":77}},"78":{"start":{"line":186,"column":4},"end":{"line":186,"column":31}},"79":{"start":{"line":187,"column":4},"end":{"line":187,"column":34}},"80":{"start":{"line":190,"column":4},"end":{"line":190,"column":33}},"81":{"start":{"line":191,"column":4},"end":{"line":191,"column":25}},"82":{"start":{"line":192,"column":4},"end":{"line":192,"column":54}},"83":{"start":{"line":199,"column":17},"end":{"line":273,"column":1}},"84":{"start":{"line":200,"column":2},"end":{"line":272,"column":3}},"85":{"start":{"line":201,"column":63},"end":{"line":201,"column":72}},"86":{"start":{"line":203,"column":19},"end":{"line":203,"column":37}},"87":{"start":{"line":205,"column":16},"end":{"line":211,"column":5}},"88":{"start":{"line":213,"column":24},"end":{"line":213,"column":26}},"89":{"start":{"line":216,"column":4},"end":{"line":219,"column":5}},"90":{"start":{"line":217,"column":6},"end":{"line":217,"column":40}},"91":{"start":{"line":218,"column":6},"end":{"line":218,"column":33}},"92":{"start":{"line":221,"column":4},"end":{"line":224,"column":5}},"93":{"start":{"line":222,"column":6},"end":{"line":222,"column":63}},"94":{"start":{"line":223,"column":6},"end":{"line":223,"column":53}},"95":{"start":{"line":226,"column":4},"end":{"line":229,"column":5}},"96":{"start":{"line":227,"column":6},"end":{"line":227,"column":38}},"97":{"start":{"line":228,"column":6},"end":{"line":228,"column":31}},"98":{"start":{"line":232,"column":21},"end":{"line":236,"column":5}},"99":{"start":{"line":239,"column":4},"end":{"line":241,"column":5}},"100":{"start":{"line":240,"column":6},"end":{"line":240,"column":45}},"101":{"start":{"line":243,"column":4},"end":{"line":245,"column":5}},"102":{"start":{"line":244,"column":6},"end":{"line":244,"column":68}},"103":{"start":{"line":247,"column":4},"end":{"line":249,"column":5}},"104":{"start":{"line":248,"column":6},"end":{"line":248,"column":43}},"105":{"start":{"line":251,"column":26},"end":{"line":251,"column":67}},"106":{"start":{"line":252,"column":23},"end":{"line":252,"column":43}},"107":{"start":{"line":255,"column":4},"end":{"line":255,"column":60}},"108":{"start":{"line":256,"column":28},"end":{"line":256,"column":79}},"109":{"start":{"line":258,"column":19},"end":{"line":258,"column":59}},"110":{"start":{"line":260,"column":4},"end":{"line":268,"column":7}},"111":{"start":{"line":270,"column":4},"end":{"line":270,"column":25}},"112":{"start":{"line":271,"column":4},"end":{"line":271,"column":54}},"113":{"start":{"line":278,"column":20},"end":{"line":333,"column":1}},"114":{"start":{"line":279,"column":2},"end":{"line":332,"column":3}},"115":{"start":{"line":281,"column":4},"end":{"line":283,"column":5}},"116":{"start":{"line":282,"column":6},"end":{"line":282,"column":66}},"117":{"start":{"line":285,"column":4},"end":{"line":285,"column":57}},"118":{"start":{"line":287,"column":19},"end":{"line":294,"column":5}},"119":{"start":{"line":296,"column":4},"end":{"line":296,"column":51}},"120":{"start":{"line":298,"column":4},"end":{"line":301,"column":5}},"121":{"start":{"line":299,"column":6},"end":{"line":299,"column":59}},"122":{"start":{"line":300,"column":6},"end":{"line":300,"column":65}},"123":{"start":{"line":304,"column":22},"end":{"line":311,"column":5}},"124":{"start":{"line":314,"column":30},"end":{"line":317,"column":5}},"125":{"start":{"line":319,"column":22},"end":{"line":319,"column":56}},"126":{"start":{"line":321,"column":17},"end":{"line":325,"column":5}},"127":{"start":{"line":327,"column":4},"end":{"line":327,"column":47}},"128":{"start":{"line":328,"column":4},"end":{"line":328,"column":19}},"129":{"start":{"line":330,"column":4},"end":{"line":330,"column":50}},"130":{"start":{"line":331,"column":4},"end":{"line":331,"column":54}},"131":{"start":{"line":338,"column":19},"end":{"line":500,"column":1}},"132":{"start":{"line":339,"column":2},"end":{"line":499,"column":3}},"133":{"start":{"line":340,"column":4},"end":{"line":340,"column":42}},"134":{"start":{"line":342,"column":55},"end":{"line":342,"column":63}},"135":{"start":{"line":345,"column":19},"end":{"line":348,"column":5}},"136":{"start":{"line":350,"column":4},"end":{"line":353,"column":5}},"137":{"start":{"line":351,"column":6},"end":{"line":351,"column":35}},"138":{"start":{"line":352,"column":6},"end":{"line":352,"column":88}},"139":{"start":{"line":355,"column":17},"end":{"line":355,"column":24}},"140":{"start":{"line":358,"column":4},"end":{"line":361,"column":5}},"141":{"start":{"line":359,"column":6},"end":{"line":359,"column":35}},"142":{"start":{"line":360,"column":6},"end":{"line":360,"column":65}},"143":{"start":{"line":364,"column":21},"end":{"line":364,"column":61}},"144":{"start":{"line":365,"column":19},"end":{"line":365,"column":83}},"145":{"start":{"line":366,"column":26},"end":{"line":366,"column":84}},"146":{"start":{"line":368,"column":4},"end":{"line":371,"column":5}},"147":{"start":{"line":369,"column":6},"end":{"line":369,"column":35}},"148":{"start":{"line":370,"column":6},"end":{"line":370,"column":72}},"149":{"start":{"line":373,"column":4},"end":{"line":376,"column":5}},"150":{"start":{"line":374,"column":6},"end":{"line":374,"column":35}},"151":{"start":{"line":375,"column":6},"end":{"line":375,"column":82}},"152":{"start":{"line":379,"column":4},"end":{"line":389,"column":5}},"153":{"start":{"line":380,"column":30},"end":{"line":383,"column":7}},"154":{"start":{"line":385,"column":6},"end":{"line":388,"column":7}},"155":{"start":{"line":386,"column":8},"end":{"line":386,"column":37}},"156":{"start":{"line":387,"column":8},"end":{"line":387,"column":69}},"157":{"start":{"line":392,"column":21},"end":{"line":392,"column":43}},"158":{"start":{"line":394,"column":4},"end":{"line":396,"column":5}},"159":{"start":{"line":395,"column":6},"end":{"line":395,"column":76}},"160":{"start":{"line":399,"column":19},"end":{"line":399,"column":33}},"161":{"start":{"line":400,"column":4},"end":{"line":436,"column":5}},"162":{"start":{"line":401,"column":19},"end":{"line":401,"column":33}},"163":{"start":{"line":404,"column":28},"end":{"line":404,"column":44}},"164":{"start":{"line":405,"column":6},"end":{"line":408,"column":7}},"165":{"start":{"line":406,"column":8},"end":{"line":406,"column":37}},"166":{"start":{"line":407,"column":8},"end":{"line":407,"column":81}},"167":{"start":{"line":411,"column":6},"end":{"line":416,"column":7}},"168":{"start":{"line":412,"column":28},"end":{"line":412,"column":55}},"169":{"start":{"line":413,"column":8},"end":{"line":415,"column":9}},"170":{"start":{"line":414,"column":10},"end":{"line":414,"column":37}},"171":{"start":{"line":419,"column":23},"end":{"line":419,"column":62}},"172":{"start":{"line":420,"column":6},"end":{"line":420,"column":46}},"173":{"start":{"line":421,"column":25},"end":{"line":421,"column":61}},"174":{"start":{"line":424,"column":6},"end":{"line":426,"column":7}},"175":{"start":{"line":425,"column":8},"end":{"line":425,"column":68}},"176":{"start":{"line":428,"column":6},"end":{"line":435,"column":7}},"177":{"start":{"line":430,"column":8},"end":{"line":430,"column":34}},"178":{"start":{"line":432,"column":8},"end":{"line":432,"column":37}},"179":{"start":{"line":433,"column":8},"end":{"line":433,"column":51}},"180":{"start":{"line":434,"column":8},"end":{"line":434,"column":71}},"181":{"start":{"line":439,"column":24},"end":{"line":439,"column":43}},"182":{"start":{"line":440,"column":4},"end":{"line":474,"column":5}},"183":{"start":{"line":441,"column":24},"end":{"line":441,"column":43}},"184":{"start":{"line":444,"column":30},"end":{"line":444,"column":101}},"185":{"start":{"line":445,"column":6},"end":{"line":448,"column":7}},"186":{"start":{"line":446,"column":8},"end":{"line":446,"column":37}},"187":{"start":{"line":447,"column":8},"end":{"line":447,"column":84}},"188":{"start":{"line":451,"column":6},"end":{"line":456,"column":7}},"189":{"start":{"line":452,"column":33},"end":{"line":452,"column":65}},"190":{"start":{"line":453,"column":8},"end":{"line":455,"column":9}},"191":{"start":{"line":454,"column":10},"end":{"line":454,"column":42}},"192":{"start":{"line":458,"column":28},"end":{"line":458,"column":78}},"193":{"start":{"line":459,"column":6},"end":{"line":459,"column":61}},"194":{"start":{"line":460,"column":34},"end":{"line":460,"column":80}},"195":{"start":{"line":463,"column":6},"end":{"line":465,"column":7}},"196":{"start":{"line":464,"column":8},"end":{"line":464,"column":73}},"197":{"start":{"line":467,"column":6},"end":{"line":473,"column":7}},"198":{"start":{"line":468,"column":8},"end":{"line":468,"column":48}},"199":{"start":{"line":470,"column":8},"end":{"line":470,"column":37}},"200":{"start":{"line":471,"column":8},"end":{"line":471,"column":56}},"201":{"start":{"line":472,"column":8},"end":{"line":472,"column":76}},"202":{"start":{"line":477,"column":21},"end":{"line":480,"column":5}},"203":{"start":{"line":482,"column":4},"end":{"line":485,"column":5}},"204":{"start":{"line":483,"column":6},"end":{"line":483,"column":35}},"205":{"start":{"line":484,"column":6},"end":{"line":484,"column":64}},"206":{"start":{"line":487,"column":26},"end":{"line":490,"column":5}},"207":{"start":{"line":492,"column":4},"end":{"line":492,"column":31}},"208":{"start":{"line":493,"column":4},"end":{"line":493,"column":29}},"209":{"start":{"line":496,"column":4},"end":{"line":496,"column":33}},"210":{"start":{"line":497,"column":4},"end":{"line":497,"column":25}},"211":{"start":{"line":498,"column":4},"end":{"line":498,"column":54}},"212":{"start":{"line":505,"column":19},"end":{"line":579,"column":1}},"213":{"start":{"line":506,"column":2},"end":{"line":578,"column":3}},"214":{"start":{"line":508,"column":4},"end":{"line":508,"column":42}},"215":{"start":{"line":511,"column":19},"end":{"line":514,"column":5}},"216":{"start":{"line":516,"column":4},"end":{"line":519,"column":5}},"217":{"start":{"line":517,"column":6},"end":{"line":517,"column":35}},"218":{"start":{"line":518,"column":6},"end":{"line":518,"column":65}},"219":{"start":{"line":521,"column":17},"end":{"line":521,"column":24}},"220":{"start":{"line":524,"column":4},"end":{"line":527,"column":5}},"221":{"start":{"line":525,"column":6},"end":{"line":525,"column":35}},"222":{"start":{"line":526,"column":6},"end":{"line":526,"column":65}},"223":{"start":{"line":530,"column":27},"end":{"line":533,"column":5}},"224":{"start":{"line":535,"column":4},"end":{"line":569,"column":5}},"225":{"start":{"line":537,"column":6},"end":{"line":540,"column":8}},"226":{"start":{"line":543,"column":6},"end":{"line":546,"column":8}},"227":{"start":{"line":549,"column":6},"end":{"line":554,"column":7}},"228":{"start":{"line":550,"column":25},"end":{"line":550,"column":52}},"229":{"start":{"line":551,"column":8},"end":{"line":553,"column":9}},"230":{"start":{"line":552,"column":10},"end":{"line":552,"column":34}},"231":{"start":{"line":557,"column":6},"end":{"line":562,"column":7}},"232":{"start":{"line":558,"column":30},"end":{"line":558,"column":62}},"233":{"start":{"line":559,"column":8},"end":{"line":561,"column":9}},"234":{"start":{"line":560,"column":10},"end":{"line":560,"column":39}},"235":{"start":{"line":565,"column":6},"end":{"line":568,"column":8}},"236":{"start":{"line":571,"column":4},"end":{"line":571,"column":31}},"237":{"start":{"line":572,"column":4},"end":{"line":572,"column":42}},"238":{"start":{"line":575,"column":4},"end":{"line":575,"column":33}},"239":{"start":{"line":576,"column":4},"end":{"line":576,"column":25}},"240":{"start":{"line":577,"column":4},"end":{"line":577,"column":54}},"241":{"start":{"line":581,"column":0},"end":{"line":587,"column":2}}},"fnMap":{"0":{"name":"(anonymous_0)","decl":{"start":{"line":7,"column":27},"end":{"line":7,"column":28}},"loc":{"start":{"line":7,"column":67},"end":{"line":38,"column":1}},"line":7},"1":{"name":"(anonymous_1)","decl":{"start":{"line":41,"column":29},"end":{"line":41,"column":30}},"loc":{"start":{"line":41,"column":67},"end":{"line":65,"column":1}},"line":41},"2":{"name":"(anonymous_2)","decl":{"start":{"line":70,"column":19},"end":{"line":70,"column":20}},"loc":{"start":{"line":70,"column":39},"end":{"line":194,"column":1}},"line":70},"3":{"name":"(anonymous_3)","decl":{"start":{"line":199,"column":17},"end":{"line":199,"column":18}},"loc":{"start":{"line":199,"column":37},"end":{"line":273,"column":1}},"line":199},"4":{"name":"(anonymous_4)","decl":{"start":{"line":278,"column":20},"end":{"line":278,"column":21}},"loc":{"start":{"line":278,"column":40},"end":{"line":333,"column":1}},"line":278},"5":{"name":"(anonymous_5)","decl":{"start":{"line":338,"column":19},"end":{"line":338,"column":20}},"loc":{"start":{"line":338,"column":39},"end":{"line":500,"column":1}},"line":338},"6":{"name":"(anonymous_6)","decl":{"start":{"line":505,"column":19},"end":{"line":505,"column":20}},"loc":{"start":{"line":505,"column":39},"end":{"line":579,"column":1}},"line":505}},"branchMap":{"0":{"loc":{"start":{"line":24,"column":4},"end":{"line":24,"column":41}},"type":"if","locations":[{"start":{"line":24,"column":4},"end":{"line":24,"column":41}},{"start":{},"end":{}}],"line":24},"1":{"loc":{"start":{"line":54,"column":6},"end":{"line":60,"column":7}},"type":"if","locations":[{"start":{"line":54,"column":6},"end":{"line":60,"column":7}},{"start":{},"end":{}}],"line":54},"2":{"loc":{"start":{"line":54,"column":10},"end":{"line":54,"column":68}},"type":"binary-expr","locations":[{"start":{"line":54,"column":10},"end":{"line":54,"column":31}},{"start":{"line":54,"column":35},"end":{"line":54,"column":68}}],"line":54},"3":{"loc":{"start":{"line":77,"column":4},"end":{"line":80,"column":5}},"type":"if","locations":[{"start":{"line":77,"column":4},"end":{"line":80,"column":5}},{"start":{},"end":{}}],"line":77},"4":{"loc":{"start":{"line":77,"column":8},"end":{"line":77,"column":37}},"type":"binary-expr","locations":[{"start":{"line":77,"column":8},"end":{"line":77,"column":14}},{"start":{"line":77,"column":18},"end":{"line":77,"column":37}}],"line":77},"5":{"loc":{"start":{"line":82,"column":4},"end":{"line":85,"column":5}},"type":"if","locations":[{"start":{"line":82,"column":4},"end":{"line":85,"column":5}},{"start":{},"end":{}}],"line":82},"6":{"loc":{"start":{"line":82,"column":8},"end":{"line":82,"column":56}},"type":"binary-expr","locations":[{"start":{"line":82,"column":8},"end":{"line":82,"column":14}},{"start":{"line":82,"column":18},"end":{"line":82,"column":30}},{"start":{"line":82,"column":34},"end":{"line":82,"column":56}}],"line":82},"7":{"loc":{"start":{"line":87,"column":4},"end":{"line":90,"column":5}},"type":"if","locations":[{"start":{"line":87,"column":4},"end":{"line":90,"column":5}},{"start":{},"end":{}}],"line":87},"8":{"loc":{"start":{"line":98,"column":4},"end":{"line":101,"column":5}},"type":"if","locations":[{"start":{"line":98,"column":4},"end":{"line":101,"column":5}},{"start":{},"end":{}}],"line":98},"9":{"loc":{"start":{"line":108,"column":4},"end":{"line":136,"column":5}},"type":"if","locations":[{"start":{"line":108,"column":4},"end":{"line":136,"column":5}},{"start":{},"end":{}}],"line":108},"10":{"loc":{"start":{"line":108,"column":8},"end":{"line":108,"column":35}},"type":"binary-expr","locations":[{"start":{"line":108,"column":8},"end":{"line":108,"column":17}},{"start":{"line":108,"column":21},"end":{"line":108,"column":35}}],"line":108},"11":{"loc":{"start":{"line":113,"column":6},"end":{"line":116,"column":7}},"type":"if","locations":[{"start":{"line":113,"column":6},"end":{"line":116,"column":7}},{"start":{},"end":{}}],"line":113},"12":{"loc":{"start":{"line":124,"column":6},"end":{"line":126,"column":7}},"type":"if","locations":[{"start":{"line":124,"column":6},"end":{"line":126,"column":7}},{"start":{},"end":{}}],"line":124},"13":{"loc":{"start":{"line":139,"column":4},"end":{"line":165,"column":5}},"type":"if","locations":[{"start":{"line":139,"column":4},"end":{"line":165,"column":5}},{"start":{},"end":{}}],"line":139},"14":{"loc":{"start":{"line":139,"column":8},"end":{"line":139,"column":40}},"type":"binary-expr","locations":[{"start":{"line":139,"column":8},"end":{"line":139,"column":17}},{"start":{"line":139,"column":21},"end":{"line":139,"column":40}}],"line":139},"15":{"loc":{"start":{"line":144,"column":6},"end":{"line":147,"column":7}},"type":"if","locations":[{"start":{"line":144,"column":6},"end":{"line":147,"column":7}},{"start":{},"end":{}}],"line":144},"16":{"loc":{"start":{"line":154,"column":6},"end":{"line":156,"column":7}},"type":"if","locations":[{"start":{"line":154,"column":6},"end":{"line":156,"column":7}},{"start":{},"end":{}}],"line":154},"17":{"loc":{"start":{"line":170,"column":45},"end":{"line":170,"column":62}},"type":"binary-expr","locations":[{"start":{"line":170,"column":45},"end":{"line":170,"column":56}},{"start":{"line":170,"column":60},"end":{"line":170,"column":62}}],"line":170},"18":{"loc":{"start":{"line":173,"column":4},"end":{"line":176,"column":5}},"type":"if","locations":[{"start":{"line":173,"column":4},"end":{"line":176,"column":5}},{"start":{},"end":{}}],"line":173},"19":{"loc":{"start":{"line":201,"column":38},"end":{"line":201,"column":46}},"type":"default-arg","locations":[{"start":{"line":201,"column":45},"end":{"line":201,"column":46}}],"line":201},"20":{"loc":{"start":{"line":201,"column":48},"end":{"line":201,"column":58}},"type":"default-arg","locations":[{"start":{"line":201,"column":56},"end":{"line":201,"column":58}}],"line":201},"21":{"loc":{"start":{"line":216,"column":4},"end":{"line":219,"column":5}},"type":"if","locations":[{"start":{"line":216,"column":4},"end":{"line":219,"column":5}},{"start":{},"end":{}}],"line":216},"22":{"loc":{"start":{"line":221,"column":4},"end":{"line":224,"column":5}},"type":"if","locations":[{"start":{"line":221,"column":4},"end":{"line":224,"column":5}},{"start":{},"end":{}}],"line":221},"23":{"loc":{"start":{"line":226,"column":4},"end":{"line":229,"column":5}},"type":"if","locations":[{"start":{"line":226,"column":4},"end":{"line":229,"column":5}},{"start":{},"end":{}}],"line":226},"24":{"loc":{"start":{"line":239,"column":4},"end":{"line":241,"column":5}},"type":"if","locations":[{"start":{"line":239,"column":4},"end":{"line":241,"column":5}},{"start":{},"end":{}}],"line":239},"25":{"loc":{"start":{"line":243,"column":4},"end":{"line":245,"column":5}},"type":"if","locations":[{"start":{"line":243,"column":4},"end":{"line":245,"column":5}},{"start":{},"end":{}}],"line":243},"26":{"loc":{"start":{"line":247,"column":4},"end":{"line":249,"column":5}},"type":"if","locations":[{"start":{"line":247,"column":4},"end":{"line":249,"column":5}},{"start":{},"end":{}}],"line":247},"27":{"loc":{"start":{"line":281,"column":4},"end":{"line":283,"column":5}},"type":"if","locations":[{"start":{"line":281,"column":4},"end":{"line":283,"column":5}},{"start":{},"end":{}}],"line":281},"28":{"loc":{"start":{"line":281,"column":8},"end":{"line":281,"column":55}},"type":"binary-expr","locations":[{"start":{"line":281,"column":8},"end":{"line":281,"column":22}},{"start":{"line":281,"column":26},"end":{"line":281,"column":55}}],"line":281},"29":{"loc":{"start":{"line":298,"column":4},"end":{"line":301,"column":5}},"type":"if","locations":[{"start":{"line":298,"column":4},"end":{"line":301,"column":5}},{"start":{},"end":{}}],"line":298},"30":{"loc":{"start":{"line":319,"column":22},"end":{"line":319,"column":56}},"type":"binary-expr","locations":[{"start":{"line":319,"column":22},"end":{"line":319,"column":51}},{"start":{"line":319,"column":55},"end":{"line":319,"column":56}}],"line":319},"31":{"loc":{"start":{"line":350,"column":4},"end":{"line":353,"column":5}},"type":"if","locations":[{"start":{"line":350,"column":4},"end":{"line":353,"column":5}},{"start":{},"end":{}}],"line":350},"32":{"loc":{"start":{"line":358,"column":4},"end":{"line":361,"column":5}},"type":"if","locations":[{"start":{"line":358,"column":4},"end":{"line":361,"column":5}},{"start":{},"end":{}}],"line":358},"33":{"loc":{"start":{"line":364,"column":21},"end":{"line":364,"column":61}},"type":"cond-expr","locations":[{"start":{"line":364,"column":43},"end":{"line":364,"column":48}},{"start":{"line":364,"column":51},"end":{"line":364,"column":61}}],"line":364},"34":{"loc":{"start":{"line":365,"column":19},"end":{"line":365,"column":83}},"type":"cond-expr","locations":[{"start":{"line":365,"column":41},"end":{"line":365,"column":58}},{"start":{"line":365,"column":61},"end":{"line":365,"column":83}}],"line":365},"35":{"loc":{"start":{"line":366,"column":26},"end":{"line":366,"column":84}},"type":"cond-expr","locations":[{"start":{"line":366,"column":54},"end":{"line":366,"column":65}},{"start":{"line":366,"column":68},"end":{"line":366,"column":84}}],"line":366},"36":{"loc":{"start":{"line":368,"column":4},"end":{"line":371,"column":5}},"type":"if","locations":[{"start":{"line":368,"column":4},"end":{"line":371,"column":5}},{"start":{},"end":{}}],"line":368},"37":{"loc":{"start":{"line":373,"column":4},"end":{"line":376,"column":5}},"type":"if","locations":[{"start":{"line":373,"column":4},"end":{"line":376,"column":5}},{"start":{},"end":{}}],"line":373},"38":{"loc":{"start":{"line":373,"column":8},"end":{"line":373,"column":40}},"type":"binary-expr","locations":[{"start":{"line":373,"column":8},"end":{"line":373,"column":23}},{"start":{"line":373,"column":27},"end":{"line":373,"column":40}}],"line":373},"39":{"loc":{"start":{"line":379,"column":4},"end":{"line":389,"column":5}},"type":"if","locations":[{"start":{"line":379,"column":4},"end":{"line":389,"column":5}},{"start":{},"end":{}}],"line":379},"40":{"loc":{"start":{"line":385,"column":6},"end":{"line":388,"column":7}},"type":"if","locations":[{"start":{"line":385,"column":6},"end":{"line":388,"column":7}},{"start":{},"end":{}}],"line":385},"41":{"loc":{"start":{"line":394,"column":4},"end":{"line":396,"column":5}},"type":"if","locations":[{"start":{"line":394,"column":4},"end":{"line":396,"column":5}},{"start":{},"end":{}}],"line":394},"42":{"loc":{"start":{"line":400,"column":4},"end":{"line":436,"column":5}},"type":"if","locations":[{"start":{"line":400,"column":4},"end":{"line":436,"column":5}},{"start":{},"end":{}}],"line":400},"43":{"loc":{"start":{"line":400,"column":8},"end":{"line":400,"column":35}},"type":"binary-expr","locations":[{"start":{"line":400,"column":8},"end":{"line":400,"column":17}},{"start":{"line":400,"column":21},"end":{"line":400,"column":35}}],"line":400},"44":{"loc":{"start":{"line":405,"column":6},"end":{"line":408,"column":7}},"type":"if","locations":[{"start":{"line":405,"column":6},"end":{"line":408,"column":7}},{"start":{},"end":{}}],"line":405},"45":{"loc":{"start":{"line":411,"column":6},"end":{"line":416,"column":7}},"type":"if","locations":[{"start":{"line":411,"column":6},"end":{"line":416,"column":7}},{"start":{},"end":{}}],"line":411},"46":{"loc":{"start":{"line":413,"column":8},"end":{"line":415,"column":9}},"type":"if","locations":[{"start":{"line":413,"column":8},"end":{"line":415,"column":9}},{"start":{},"end":{}}],"line":413},"47":{"loc":{"start":{"line":424,"column":6},"end":{"line":426,"column":7}},"type":"if","locations":[{"start":{"line":424,"column":6},"end":{"line":426,"column":7}},{"start":{},"end":{}}],"line":424},"48":{"loc":{"start":{"line":440,"column":4},"end":{"line":474,"column":5}},"type":"if","locations":[{"start":{"line":440,"column":4},"end":{"line":474,"column":5}},{"start":{},"end":{}}],"line":440},"49":{"loc":{"start":{"line":440,"column":8},"end":{"line":440,"column":40}},"type":"binary-expr","locations":[{"start":{"line":440,"column":8},"end":{"line":440,"column":17}},{"start":{"line":440,"column":21},"end":{"line":440,"column":40}}],"line":440},"50":{"loc":{"start":{"line":445,"column":6},"end":{"line":448,"column":7}},"type":"if","locations":[{"start":{"line":445,"column":6},"end":{"line":448,"column":7}},{"start":{},"end":{}}],"line":445},"51":{"loc":{"start":{"line":451,"column":6},"end":{"line":456,"column":7}},"type":"if","locations":[{"start":{"line":451,"column":6},"end":{"line":456,"column":7}},{"start":{},"end":{}}],"line":451},"52":{"loc":{"start":{"line":453,"column":8},"end":{"line":455,"column":9}},"type":"if","locations":[{"start":{"line":453,"column":8},"end":{"line":455,"column":9}},{"start":{},"end":{}}],"line":453},"53":{"loc":{"start":{"line":463,"column":6},"end":{"line":465,"column":7}},"type":"if","locations":[{"start":{"line":463,"column":6},"end":{"line":465,"column":7}},{"start":{},"end":{}}],"line":463},"54":{"loc":{"start":{"line":479,"column":17},"end":{"line":479,"column":48}},"type":"binary-expr","locations":[{"start":{"line":479,"column":17},"end":{"line":479,"column":28}},{"start":{"line":479,"column":32},"end":{"line":479,"column":48}}],"line":479},"55":{"loc":{"start":{"line":482,"column":4},"end":{"line":485,"column":5}},"type":"if","locations":[{"start":{"line":482,"column":4},"end":{"line":485,"column":5}},{"start":{},"end":{}}],"line":482},"56":{"loc":{"start":{"line":516,"column":4},"end":{"line":519,"column":5}},"type":"if","locations":[{"start":{"line":516,"column":4},"end":{"line":519,"column":5}},{"start":{},"end":{}}],"line":516},"57":{"loc":{"start":{"line":524,"column":4},"end":{"line":527,"column":5}},"type":"if","locations":[{"start":{"line":524,"column":4},"end":{"line":527,"column":5}},{"start":{},"end":{}}],"line":524},"58":{"loc":{"start":{"line":535,"column":4},"end":{"line":569,"column":5}},"type":"if","locations":[{"start":{"line":535,"column":4},"end":{"line":569,"column":5}},{"start":{"line":541,"column":11},"end":{"line":569,"column":5}}],"line":535},"59":{"loc":{"start":{"line":549,"column":6},"end":{"line":554,"column":7}},"type":"if","locations":[{"start":{"line":549,"column":6},"end":{"line":554,"column":7}},{"start":{},"end":{}}],"line":549},"60":{"loc":{"start":{"line":551,"column":8},"end":{"line":553,"column":9}},"type":"if","locations":[{"start":{"line":551,"column":8},"end":{"line":553,"column":9}},{"start":{},"end":{}}],"line":551},"61":{"loc":{"start":{"line":557,"column":6},"end":{"line":562,"column":7}},"type":"if","locations":[{"start":{"line":557,"column":6},"end":{"line":562,"column":7}},{"start":{},"end":{}}],"line":557},"62":{"loc":{"start":{"line":559,"column":8},"end":{"line":561,"column":9}},"type":"if","locations":[{"start":{"line":559,"column":8},"end":{"line":561,"column":9}},{"start":{},"end":{}}],"line":559}},"s":{"0":2,"1":2,"2":2,"3":2,"4":2,"5":0,"6":0,"7":0,"8":0,"9":0,"10":0,"11":0,"12":0,"13":0,"14":2,"15":0,"16":0,"17":0,"18":0,"19":0,"20":0,"21":2,"22":0,"23":0,"24":0,"25":0,"26":0,"27":0,"28":0,"29":0,"30":0,"31":0,"32":0,"33":0,"34":0,"35":0,"36":0,"37":0,"38":0,"39":0,"40":0,"41":0,"42":0,"43":0,"44":0,"45":0,"46":0,"47":0,"48":0,"49":0,"50":0,"51":0,"52":0,"53":0,"54":0,"55":0,"56":0,"57":0,"58":0,"59":0,"60":0,"61":0,"62":0,"63":0,"64":0,"65":0,"66":0,"67":0,"68":0,"69":0,"70":0,"71":0,"72":0,"73":0,"74":0,"75":0,"76":0,"77":0,"78":0,"79":0,"80":0,"81":0,"82":0,"83":2,"84":2,"85":2,"86":2,"87":2,"88":2,"89":2,"90":1,"91":1,"92":2,"93":0,"94":0,"95":2,"96":0,"97":0,"98":2,"99":2,"100":1,"101":2,"102":0,"103":2,"104":0,"105":2,"106":2,"107":2,"108":2,"109":2,"110":2,"111":0,"112":0,"113":2,"114":2,"115":2,"116":0,"117":2,"118":2,"119":2,"120":2,"121":1,"122":1,"123":1,"124":1,"125":1,"126":1,"127":1,"128":1,"129":0,"130":0,"131":2,"132":0,"133":0,"134":0,"135":0,"136":0,"137":0,"138":0,"139":0,"140":0,"141":0,"142":0,"143":0,"144":0,"145":0,"146":0,"147":0,"148":0,"149":0,"150":0,"151":0,"152":0,"153":0,"154":0,"155":0,"156":0,"157":0,"158":0,"159":0,"160":0,"161":0,"162":0,"163":0,"164":0,"165":0,"166":0,"167":0,"168":0,"169":0,"170":0,"171":0,"172":0,"173":0,"174":0,"175":0,"176":0,"177":0,"178":0,"179":0,"180":0,"181":0,"182":0,"183":0,"184":0,"185":0,"186":0,"187":0,"188":0,"189":0,"190":0,"191":0,"192":0,"193":0,"194":0,"195":0,"196":0,"197":0,"198":0,"199":0,"200":0,"201":0,"202":0,"203":0,"204":0,"205":0,"206":0,"207":0,"208":0,"209":0,"210":0,"211":0,"212":2,"213":0,"214":0,"215":0,"216":0,"217":0,"218":0,"219":0,"220":0,"221":0,"222":0,"223":0,"224":0,"225":0,"226":0,"227":0,"228":0,"229":0,"230":0,"231":0,"232":0,"233":0,"234":0,"235":0,"236":0,"237":0,"238":0,"239":0,"240":0,"241":2},"f":{"0":0,"1":0,"2":0,"3":2,"4":2,"5":0,"6":0},"b":{"0":[0,0],"1":[0,0],"2":[0,0],"3":[0,0],"4":[0,0],"5":[0,0],"6":[0,0,0],"7":[0,0],"8":[0,0],"9":[0,0],"10":[0,0],"11":[0,0],"12":[0,0],"13":[0,0],"14":[0,0],"15":[0,0],"16":[0,0],"17":[0,0],"18":[0,0],"19":[2],"20":[2],"21":[1,1],"22":[0,2],"23":[0,2],"24":[1,1],"25":[0,2],"26":[0,2],"27":[0,2],"28":[2,2],"29":[1,1],"30":[1,0],"31":[0,0],"32":[0,0],"33":[0,0],"34":[0,0],"35":[0,0],"36":[0,0],"37":[0,0],"38":[0,0],"39":[0,0],"40":[0,0],"41":[0,0],"42":[0,0],"43":[0,0],"44":[0,0],"45":[0,0],"46":[0,0],"47":[0,0],"48":[0,0],"49":[0,0],"50":[0,0],"51":[0,0],"52":[0,0],"53":[0,0],"54":[0,0],"55":[0,0],"56":[0,0],"57":[0,0],"58":[0,0],"59":[0,0],"60":[0,0],"61":[0,0],"62":[0,0]},"_coverageSchema":"1a1c01bbd47fc00a2c39e90264f33305004495a9","hash":"ff8d95b41dd150c7945a673af04cc4f5a1e87fe8"}
,"/Users/harzaan/repos/digital-marketplace/controllers/userController.js": {"path":"/Users/harzaan/repos/digital-marketplace/controllers/userController.js","statementMap":{"0":{"start":{"line":1,"column":15},"end":{"line":1,"column":34}},"1":{"start":{"line":2,"column":12},"end":{"line":2,"column":35}},"2":{"start":{"line":3,"column":13},"end":{"line":3,"column":36}},"3":{"start":{"line":4,"column":13},"end":{"line":4,"column":28}},"4":{"start":{"line":5,"column":11},"end":{"line":5,"column":24}},"5":{"start":{"line":6,"column":23},"end":{"line":6,"column":38}},"6":{"start":{"line":9,"column":19},"end":{"line":9,"column":69}},"7":{"start":{"line":12,"column":22},"end":{"line":16,"column":1}},"8":{"start":{"line":13,"column":2},"end":{"line":15,"column":5}},"9":{"start":{"line":21,"column":21},"end":{"line":119,"column":1}},"10":{"start":{"line":22,"column":2},"end":{"line":118,"column":3}},"11":{"start":{"line":23,"column":4},"end":{"line":23,"column":42}},"12":{"start":{"line":25,"column":53},"end":{"line":25,"column":61}},"13":{"start":{"line":28,"column":4},"end":{"line":31,"column":5}},"14":{"start":{"line":29,"column":6},"end":{"line":29,"column":35}},"15":{"start":{"line":30,"column":6},"end":{"line":30,"column":71}},"16":{"start":{"line":33,"column":4},"end":{"line":36,"column":5}},"17":{"start":{"line":34,"column":6},"end":{"line":34,"column":35}},"18":{"start":{"line":35,"column":6},"end":{"line":35,"column":87}},"19":{"start":{"line":38,"column":4},"end":{"line":41,"column":5}},"20":{"start":{"line":39,"column":6},"end":{"line":39,"column":35}},"21":{"start":{"line":40,"column":6},"end":{"line":40,"column":71}},"22":{"start":{"line":44,"column":4},"end":{"line":47,"column":5}},"23":{"start":{"line":45,"column":6},"end":{"line":45,"column":35}},"24":{"start":{"line":46,"column":6},"end":{"line":46,"column":94}},"25":{"start":{"line":50,"column":22},"end":{"line":50,"column":47}},"26":{"start":{"line":51,"column":22},"end":{"line":51,"column":41}},"27":{"start":{"line":52,"column":4},"end":{"line":57,"column":5}},"28":{"start":{"line":53,"column":6},"end":{"line":53,"column":35}},"29":{"start":{"line":54,"column":6},"end":{"line":56,"column":9}},"30":{"start":{"line":60,"column":28},"end":{"line":63,"column":5}},"31":{"start":{"line":65,"column":4},"end":{"line":78,"column":5}},"32":{"start":{"line":66,"column":27},"end":{"line":66,"column":43}},"33":{"start":{"line":67,"column":20},"end":{"line":67,"column":41}},"34":{"start":{"line":70,"column":6},"end":{"line":74,"column":7}},"35":{"start":{"line":71,"column":8},"end":{"line":71,"column":52}},"36":{"start":{"line":72,"column":13},"end":{"line":74,"column":7}},"37":{"start":{"line":73,"column":8},"end":{"line":73,"column":46}},"38":{"start":{"line":76,"column":6},"end":{"line":76,"column":35}},"39":{"start":{"line":77,"column":6},"end":{"line":77,"column":47}},"40":{"start":{"line":81,"column":17},"end":{"line":81,"column":41}},"41":{"start":{"line":82,"column":27},"end":{"line":82,"column":60}},"42":{"start":{"line":85,"column":21},"end":{"line":88,"column":5}},"43":{"start":{"line":90,"column":4},"end":{"line":93,"column":5}},"44":{"start":{"line":91,"column":6},"end":{"line":91,"column":35}},"45":{"start":{"line":92,"column":6},"end":{"line":92,"column":72}},"46":{"start":{"line":95,"column":19},"end":{"line":98,"column":5}},"47":{"start":{"line":100,"column":4},"end":{"line":100,"column":31}},"48":{"start":{"line":101,"column":4},"end":{"line":104,"column":7}},"49":{"start":{"line":107,"column":4},"end":{"line":107,"column":33}},"50":{"start":{"line":108,"column":4},"end":{"line":108,"column":48}},"51":{"start":{"line":111,"column":4},"end":{"line":115,"column":5}},"52":{"start":{"line":112,"column":6},"end":{"line":114,"column":9}},"53":{"start":{"line":117,"column":4},"end":{"line":117,"column":54}},"54":{"start":{"line":124,"column":18},"end":{"line":166,"column":1}},"55":{"start":{"line":125,"column":2},"end":{"line":165,"column":3}},"56":{"start":{"line":126,"column":32},"end":{"line":126,"column":40}},"57":{"start":{"line":128,"column":4},"end":{"line":130,"column":5}},"58":{"start":{"line":129,"column":6},"end":{"line":129,"column":84}},"59":{"start":{"line":133,"column":19},"end":{"line":136,"column":5}},"60":{"start":{"line":138,"column":4},"end":{"line":140,"column":5}},"61":{"start":{"line":139,"column":6},"end":{"line":139,"column":70}},"62":{"start":{"line":142,"column":17},"end":{"line":142,"column":24}},"63":{"start":{"line":145,"column":20},"end":{"line":145,"column":65}},"64":{"start":{"line":147,"column":4},"end":{"line":149,"column":5}},"65":{"start":{"line":148,"column":6},"end":{"line":148,"column":70}},"66":{"start":{"line":153,"column":4},"end":{"line":161,"column":7}},"67":{"start":{"line":163,"column":4},"end":{"line":163,"column":25}},"68":{"start":{"line":164,"column":4},"end":{"line":164,"column":54}},"69":{"start":{"line":171,"column":23},"end":{"line":187,"column":1}},"70":{"start":{"line":172,"column":2},"end":{"line":186,"column":3}},"71":{"start":{"line":173,"column":19},"end":{"line":176,"column":5}},"72":{"start":{"line":178,"column":4},"end":{"line":180,"column":5}},"73":{"start":{"line":179,"column":6},"end":{"line":179,"column":65}},"74":{"start":{"line":182,"column":4},"end":{"line":182,"column":22}},"75":{"start":{"line":184,"column":4},"end":{"line":184,"column":25}},"76":{"start":{"line":185,"column":4},"end":{"line":185,"column":54}},"77":{"start":{"line":192,"column":26},"end":{"line":349,"column":1}},"78":{"start":{"line":193,"column":2},"end":{"line":348,"column":3}},"79":{"start":{"line":194,"column":4},"end":{"line":194,"column":42}},"80":{"start":{"line":196,"column":53},"end":{"line":196,"column":61}},"81":{"start":{"line":199,"column":19},"end":{"line":202,"column":5}},"82":{"start":{"line":204,"column":4},"end":{"line":207,"column":5}},"83":{"start":{"line":205,"column":6},"end":{"line":205,"column":35}},"84":{"start":{"line":206,"column":6},"end":{"line":206,"column":65}},"85":{"start":{"line":209,"column":17},"end":{"line":209,"column":24}},"86":{"start":{"line":212,"column":4},"end":{"line":228,"column":5}},"87":{"start":{"line":213,"column":6},"end":{"line":216,"column":7}},"88":{"start":{"line":214,"column":8},"end":{"line":214,"column":37}},"89":{"start":{"line":215,"column":8},"end":{"line":215,"column":89}},"90":{"start":{"line":219,"column":27},"end":{"line":222,"column":7}},"91":{"start":{"line":224,"column":6},"end":{"line":227,"column":7}},"92":{"start":{"line":225,"column":8},"end":{"line":225,"column":37}},"93":{"start":{"line":226,"column":8},"end":{"line":226,"column":76}},"94":{"start":{"line":231,"column":4},"end":{"line":247,"column":5}},"95":{"start":{"line":232,"column":6},"end":{"line":235,"column":7}},"96":{"start":{"line":233,"column":8},"end":{"line":233,"column":37}},"97":{"start":{"line":234,"column":8},"end":{"line":234,"column":77}},"98":{"start":{"line":238,"column":30},"end":{"line":241,"column":7}},"99":{"start":{"line":243,"column":6},"end":{"line":246,"column":7}},"100":{"start":{"line":244,"column":8},"end":{"line":244,"column":37}},"101":{"start":{"line":245,"column":8},"end":{"line":245,"column":78}},"102":{"start":{"line":250,"column":24},"end":{"line":255,"column":5}},"103":{"start":{"line":258,"column":4},"end":{"line":276,"column":5}},"104":{"start":{"line":260,"column":6},"end":{"line":263,"column":7}},"105":{"start":{"line":261,"column":8},"end":{"line":261,"column":37}},"106":{"start":{"line":262,"column":8},"end":{"line":262,"column":96}},"107":{"start":{"line":265,"column":24},"end":{"line":265,"column":49}},"108":{"start":{"line":266,"column":24},"end":{"line":266,"column":43}},"109":{"start":{"line":267,"column":6},"end":{"line":272,"column":7}},"110":{"start":{"line":268,"column":8},"end":{"line":268,"column":37}},"111":{"start":{"line":269,"column":8},"end":{"line":271,"column":11}},"112":{"start":{"line":274,"column":19},"end":{"line":274,"column":43}},"113":{"start":{"line":275,"column":6},"end":{"line":275,"column":63}},"114":{"start":{"line":279,"column":27},"end":{"line":279,"column":45}},"115":{"start":{"line":280,"column":4},"end":{"line":315,"column":5}},"116":{"start":{"line":281,"column":27},"end":{"line":281,"column":50}},"117":{"start":{"line":284,"column":30},"end":{"line":284,"column":101}},"118":{"start":{"line":285,"column":6},"end":{"line":288,"column":7}},"119":{"start":{"line":286,"column":8},"end":{"line":286,"column":37}},"120":{"start":{"line":287,"column":8},"end":{"line":287,"column":88}},"121":{"start":{"line":291,"column":6},"end":{"line":296,"column":7}},"122":{"start":{"line":292,"column":31},"end":{"line":292,"column":62}},"123":{"start":{"line":293,"column":8},"end":{"line":295,"column":9}},"124":{"start":{"line":294,"column":10},"end":{"line":294,"column":40}},"125":{"start":{"line":299,"column":23},"end":{"line":299,"column":90}},"126":{"start":{"line":300,"column":6},"end":{"line":300,"column":57}},"127":{"start":{"line":301,"column":25},"end":{"line":301,"column":64}},"128":{"start":{"line":304,"column":6},"end":{"line":306,"column":7}},"129":{"start":{"line":305,"column":8},"end":{"line":305,"column":71}},"130":{"start":{"line":308,"column":6},"end":{"line":314,"column":7}},"131":{"start":{"line":309,"column":8},"end":{"line":309,"column":42}},"132":{"start":{"line":311,"column":8},"end":{"line":311,"column":37}},"133":{"start":{"line":312,"column":8},"end":{"line":312,"column":60}},"134":{"start":{"line":313,"column":8},"end":{"line":313,"column":80}},"135":{"start":{"line":318,"column":21},"end":{"line":321,"column":5}},"136":{"start":{"line":323,"column":4},"end":{"line":326,"column":5}},"137":{"start":{"line":324,"column":6},"end":{"line":324,"column":35}},"138":{"start":{"line":325,"column":6},"end":{"line":325,"column":64}},"139":{"start":{"line":328,"column":26},"end":{"line":331,"column":5}},"140":{"start":{"line":333,"column":4},"end":{"line":333,"column":31}},"141":{"start":{"line":334,"column":4},"end":{"line":334,"column":29}},"142":{"start":{"line":337,"column":4},"end":{"line":337,"column":33}},"143":{"start":{"line":338,"column":4},"end":{"line":338,"column":25}},"144":{"start":{"line":341,"column":4},"end":{"line":345,"column":5}},"145":{"start":{"line":342,"column":6},"end":{"line":344,"column":9}},"146":{"start":{"line":347,"column":4},"end":{"line":347,"column":54}},"147":{"start":{"line":354,"column":17},"end":{"line":383,"column":1}},"148":{"start":{"line":355,"column":2},"end":{"line":382,"column":3}},"149":{"start":{"line":357,"column":17},"end":{"line":357,"column":46}},"150":{"start":{"line":358,"column":18},"end":{"line":358,"column":49}},"151":{"start":{"line":359,"column":19},"end":{"line":359,"column":37}},"152":{"start":{"line":361,"column":19},"end":{"line":364,"column":5}},"153":{"start":{"line":366,"column":26},"end":{"line":366,"column":81}},"154":{"start":{"line":367,"column":23},"end":{"line":367,"column":43}},"155":{"start":{"line":368,"column":23},"end":{"line":368,"column":52}},"156":{"start":{"line":370,"column":4},"end":{"line":378,"column":7}},"157":{"start":{"line":380,"column":4},"end":{"line":380,"column":25}},"158":{"start":{"line":381,"column":4},"end":{"line":381,"column":54}},"159":{"start":{"line":388,"column":20},"end":{"line":442,"column":1}},"160":{"start":{"line":389,"column":2},"end":{"line":441,"column":3}},"161":{"start":{"line":390,"column":23},"end":{"line":395,"column":5}},"162":{"start":{"line":397,"column":4},"end":{"line":399,"column":5}},"163":{"start":{"line":398,"column":6},"end":{"line":398,"column":65}},"164":{"start":{"line":402,"column":28},"end":{"line":407,"column":5}},"165":{"start":{"line":410,"column":25},"end":{"line":416,"column":5}},"166":{"start":{"line":419,"column":20},"end":{"line":427,"column":5}},"167":{"start":{"line":429,"column":21},"end":{"line":435,"column":5}},"168":{"start":{"line":437,"column":4},"end":{"line":437,"column":23}},"169":{"start":{"line":439,"column":4},"end":{"line":439,"column":25}},"170":{"start":{"line":440,"column":4},"end":{"line":440,"column":54}},"171":{"start":{"line":444,"column":0},"end":{"line":451,"column":2}}},"fnMap":{"0":{"name":"(anonymous_0)","decl":{"start":{"line":12,"column":22},"end":{"line":12,"column":23}},"loc":{"start":{"line":12,"column":30},"end":{"line":16,"column":1}},"line":12},"1":{"name":"(anonymous_1)","decl":{"start":{"line":21,"column":21},"end":{"line":21,"column":22}},"loc":{"start":{"line":21,"column":41},"end":{"line":119,"column":1}},"line":21},"2":{"name":"(anonymous_2)","decl":{"start":{"line":124,"column":18},"end":{"line":124,"column":19}},"loc":{"start":{"line":124,"column":38},"end":{"line":166,"column":1}},"line":124},"3":{"name":"(anonymous_3)","decl":{"start":{"line":171,"column":23},"end":{"line":171,"column":24}},"loc":{"start":{"line":171,"column":43},"end":{"line":187,"column":1}},"line":171},"4":{"name":"(anonymous_4)","decl":{"start":{"line":192,"column":26},"end":{"line":192,"column":27}},"loc":{"start":{"line":192,"column":46},"end":{"line":349,"column":1}},"line":192},"5":{"name":"(anonymous_5)","decl":{"start":{"line":354,"column":17},"end":{"line":354,"column":18}},"loc":{"start":{"line":354,"column":37},"end":{"line":383,"column":1}},"line":354},"6":{"name":"(anonymous_6)","decl":{"start":{"line":388,"column":20},"end":{"line":388,"column":21}},"loc":{"start":{"line":388,"column":40},"end":{"line":442,"column":1}},"line":388}},"branchMap":{"0":{"loc":{"start":{"line":28,"column":4},"end":{"line":31,"column":5}},"type":"if","locations":[{"start":{"line":28,"column":4},"end":{"line":31,"column":5}},{"start":{},"end":{}}],"line":28},"1":{"loc":{"start":{"line":28,"column":8},"end":{"line":28,"column":43}},"type":"binary-expr","locations":[{"start":{"line":28,"column":8},"end":{"line":28,"column":17}},{"start":{"line":28,"column":21},"end":{"line":28,"column":43}}],"line":28},"2":{"loc":{"start":{"line":33,"column":4},"end":{"line":36,"column":5}},"type":"if","locations":[{"start":{"line":33,"column":4},"end":{"line":36,"column":5}},{"start":{},"end":{}}],"line":33},"3":{"loc":{"start":{"line":33,"column":8},"end":{"line":33,"column":41}},"type":"binary-expr","locations":[{"start":{"line":33,"column":8},"end":{"line":33,"column":14}},{"start":{"line":33,"column":18},"end":{"line":33,"column":41}}],"line":33},"4":{"loc":{"start":{"line":38,"column":4},"end":{"line":41,"column":5}},"type":"if","locations":[{"start":{"line":38,"column":4},"end":{"line":41,"column":5}},{"start":{},"end":{}}],"line":38},"5":{"loc":{"start":{"line":44,"column":4},"end":{"line":47,"column":5}},"type":"if","locations":[{"start":{"line":44,"column":4},"end":{"line":47,"column":5}},{"start":{},"end":{}}],"line":44},"6":{"loc":{"start":{"line":52,"column":4},"end":{"line":57,"column":5}},"type":"if","locations":[{"start":{"line":52,"column":4},"end":{"line":57,"column":5}},{"start":{},"end":{}}],"line":52},"7":{"loc":{"start":{"line":52,"column":8},"end":{"line":52,"column":32}},"type":"binary-expr","locations":[{"start":{"line":52,"column":8},"end":{"line":52,"column":18}},{"start":{"line":52,"column":22},"end":{"line":52,"column":32}}],"line":52},"8":{"loc":{"start":{"line":65,"column":4},"end":{"line":78,"column":5}},"type":"if","locations":[{"start":{"line":65,"column":4},"end":{"line":78,"column":5}},{"start":{},"end":{}}],"line":65},"9":{"loc":{"start":{"line":70,"column":6},"end":{"line":74,"column":7}},"type":"if","locations":[{"start":{"line":70,"column":6},"end":{"line":74,"column":7}},{"start":{"line":72,"column":13},"end":{"line":74,"column":7}}],"line":70},"10":{"loc":{"start":{"line":72,"column":13},"end":{"line":74,"column":7}},"type":"if","locations":[{"start":{"line":72,"column":13},"end":{"line":74,"column":7}},{"start":{},"end":{}}],"line":72},"11":{"loc":{"start":{"line":87,"column":40},"end":{"line":87,"column":57}},"type":"binary-expr","locations":[{"start":{"line":87,"column":40},"end":{"line":87,"column":49}},{"start":{"line":87,"column":53},"end":{"line":87,"column":57}}],"line":87},"12":{"loc":{"start":{"line":90,"column":4},"end":{"line":93,"column":5}},"type":"if","locations":[{"start":{"line":90,"column":4},"end":{"line":93,"column":5}},{"start":{},"end":{}}],"line":90},"13":{"loc":{"start":{"line":111,"column":4},"end":{"line":115,"column":5}},"type":"if","locations":[{"start":{"line":111,"column":4},"end":{"line":115,"column":5}},{"start":{},"end":{}}],"line":111},"14":{"loc":{"start":{"line":128,"column":4},"end":{"line":130,"column":5}},"type":"if","locations":[{"start":{"line":128,"column":4},"end":{"line":130,"column":5}},{"start":{},"end":{}}],"line":128},"15":{"loc":{"start":{"line":128,"column":8},"end":{"line":128,"column":27}},"type":"binary-expr","locations":[{"start":{"line":128,"column":8},"end":{"line":128,"column":14}},{"start":{"line":128,"column":18},"end":{"line":128,"column":27}}],"line":128},"16":{"loc":{"start":{"line":138,"column":4},"end":{"line":140,"column":5}},"type":"if","locations":[{"start":{"line":138,"column":4},"end":{"line":140,"column":5}},{"start":{},"end":{}}],"line":138},"17":{"loc":{"start":{"line":147,"column":4},"end":{"line":149,"column":5}},"type":"if","locations":[{"start":{"line":147,"column":4},"end":{"line":149,"column":5}},{"start":{},"end":{}}],"line":147},"18":{"loc":{"start":{"line":178,"column":4},"end":{"line":180,"column":5}},"type":"if","locations":[{"start":{"line":178,"column":4},"end":{"line":180,"column":5}},{"start":{},"end":{}}],"line":178},"19":{"loc":{"start":{"line":204,"column":4},"end":{"line":207,"column":5}},"type":"if","locations":[{"start":{"line":204,"column":4},"end":{"line":207,"column":5}},{"start":{},"end":{}}],"line":204},"20":{"loc":{"start":{"line":212,"column":4},"end":{"line":228,"column":5}},"type":"if","locations":[{"start":{"line":212,"column":4},"end":{"line":228,"column":5}},{"start":{},"end":{}}],"line":212},"21":{"loc":{"start":{"line":212,"column":8},"end":{"line":212,"column":37}},"type":"binary-expr","locations":[{"start":{"line":212,"column":8},"end":{"line":212,"column":13}},{"start":{"line":212,"column":17},"end":{"line":212,"column":37}}],"line":212},"22":{"loc":{"start":{"line":213,"column":6},"end":{"line":216,"column":7}},"type":"if","locations":[{"start":{"line":213,"column":6},"end":{"line":216,"column":7}},{"start":{},"end":{}}],"line":213},"23":{"loc":{"start":{"line":224,"column":6},"end":{"line":227,"column":7}},"type":"if","locations":[{"start":{"line":224,"column":6},"end":{"line":227,"column":7}},{"start":{},"end":{}}],"line":224},"24":{"loc":{"start":{"line":231,"column":4},"end":{"line":247,"column":5}},"type":"if","locations":[{"start":{"line":231,"column":4},"end":{"line":247,"column":5}},{"start":{},"end":{}}],"line":231},"25":{"loc":{"start":{"line":231,"column":8},"end":{"line":231,"column":46}},"type":"binary-expr","locations":[{"start":{"line":231,"column":8},"end":{"line":231,"column":16}},{"start":{"line":231,"column":20},"end":{"line":231,"column":46}}],"line":231},"26":{"loc":{"start":{"line":232,"column":6},"end":{"line":235,"column":7}},"type":"if","locations":[{"start":{"line":232,"column":6},"end":{"line":235,"column":7}},{"start":{},"end":{}}],"line":232},"27":{"loc":{"start":{"line":243,"column":6},"end":{"line":246,"column":7}},"type":"if","locations":[{"start":{"line":243,"column":6},"end":{"line":246,"column":7}},{"start":{},"end":{}}],"line":243},"28":{"loc":{"start":{"line":251,"column":16},"end":{"line":251,"column":41}},"type":"binary-expr","locations":[{"start":{"line":251,"column":16},"end":{"line":251,"column":24}},{"start":{"line":251,"column":28},"end":{"line":251,"column":41}}],"line":251},"29":{"loc":{"start":{"line":252,"column":13},"end":{"line":252,"column":32}},"type":"binary-expr","locations":[{"start":{"line":252,"column":13},"end":{"line":252,"column":18}},{"start":{"line":252,"column":22},"end":{"line":252,"column":32}}],"line":252},"30":{"loc":{"start":{"line":253,"column":17},"end":{"line":253,"column":44}},"type":"binary-expr","locations":[{"start":{"line":253,"column":17},"end":{"line":253,"column":26}},{"start":{"line":253,"column":30},"end":{"line":253,"column":44}}],"line":253},"31":{"loc":{"start":{"line":258,"column":4},"end":{"line":276,"column":5}},"type":"if","locations":[{"start":{"line":258,"column":4},"end":{"line":276,"column":5}},{"start":{},"end":{}}],"line":258},"32":{"loc":{"start":{"line":260,"column":6},"end":{"line":263,"column":7}},"type":"if","locations":[{"start":{"line":260,"column":6},"end":{"line":263,"column":7}},{"start":{},"end":{}}],"line":260},"33":{"loc":{"start":{"line":267,"column":6},"end":{"line":272,"column":7}},"type":"if","locations":[{"start":{"line":267,"column":6},"end":{"line":272,"column":7}},{"start":{},"end":{}}],"line":267},"34":{"loc":{"start":{"line":267,"column":10},"end":{"line":267,"column":34}},"type":"binary-expr","locations":[{"start":{"line":267,"column":10},"end":{"line":267,"column":20}},{"start":{"line":267,"column":24},"end":{"line":267,"column":34}}],"line":267},"35":{"loc":{"start":{"line":280,"column":4},"end":{"line":315,"column":5}},"type":"if","locations":[{"start":{"line":280,"column":4},"end":{"line":315,"column":5}},{"start":{},"end":{}}],"line":280},"36":{"loc":{"start":{"line":280,"column":8},"end":{"line":280,"column":44}},"type":"binary-expr","locations":[{"start":{"line":280,"column":8},"end":{"line":280,"column":17}},{"start":{"line":280,"column":21},"end":{"line":280,"column":44}}],"line":280},"37":{"loc":{"start":{"line":285,"column":6},"end":{"line":288,"column":7}},"type":"if","locations":[{"start":{"line":285,"column":6},"end":{"line":288,"column":7}},{"start":{},"end":{}}],"line":285},"38":{"loc":{"start":{"line":291,"column":6},"end":{"line":296,"column":7}},"type":"if","locations":[{"start":{"line":291,"column":6},"end":{"line":296,"column":7}},{"start":{},"end":{}}],"line":291},"39":{"loc":{"start":{"line":293,"column":8},"end":{"line":295,"column":9}},"type":"if","locations":[{"start":{"line":293,"column":8},"end":{"line":295,"column":9}},{"start":{},"end":{}}],"line":293},"40":{"loc":{"start":{"line":304,"column":6},"end":{"line":306,"column":7}},"type":"if","locations":[{"start":{"line":304,"column":6},"end":{"line":306,"column":7}},{"start":{},"end":{}}],"line":304},"41":{"loc":{"start":{"line":323,"column":4},"end":{"line":326,"column":5}},"type":"if","locations":[{"start":{"line":323,"column":4},"end":{"line":326,"column":5}},{"start":{},"end":{}}],"line":323},"42":{"loc":{"start":{"line":341,"column":4},"end":{"line":345,"column":5}},"type":"if","locations":[{"start":{"line":341,"column":4},"end":{"line":345,"column":5}},{"start":{},"end":{}}],"line":341},"43":{"loc":{"start":{"line":357,"column":17},"end":{"line":357,"column":46}},"type":"binary-expr","locations":[{"start":{"line":357,"column":17},"end":{"line":357,"column":41}},{"start":{"line":357,"column":45},"end":{"line":357,"column":46}}],"line":357},"44":{"loc":{"start":{"line":358,"column":18},"end":{"line":358,"column":49}},"type":"binary-expr","locations":[{"start":{"line":358,"column":18},"end":{"line":358,"column":43}},{"start":{"line":358,"column":47},"end":{"line":358,"column":49}}],"line":358},"45":{"loc":{"start":{"line":397,"column":4},"end":{"line":399,"column":5}},"type":"if","locations":[{"start":{"line":397,"column":4},"end":{"line":399,"column":5}},{"start":{},"end":{}}],"line":397},"46":{"loc":{"start":{"line":432,"column":25},"end":{"line":432,"column":61}},"type":"binary-expr","locations":[{"start":{"line":432,"column":25},"end":{"line":432,"column":56}},{"start":{"line":432,"column":60},"end":{"line":432,"column":61}}],"line":432},"47":{"loc":{"start":{"line":433,"column":20},"end":{"line":433,"column":51}},"type":"binary-expr","locations":[{"start":{"line":433,"column":20},"end":{"line":433,"column":46}},{"start":{"line":433,"column":50},"end":{"line":433,"column":51}}],"line":433}},"s":{"0":1,"1":1,"2":1,"3":1,"4":1,"5":1,"6":1,"7":1,"8":1,"9":1,"10":3,"11":3,"12":3,"13":3,"14":1,"15":1,"16":2,"17":0,"18":0,"19":2,"20":0,"21":0,"22":2,"23":0,"24":0,"25":2,"26":2,"27":2,"28":0,"29":0,"30":2,"31":1,"32":0,"33":0,"34":0,"35":0,"36":0,"37":0,"38":0,"39":0,"40":1,"41":1,"42":1,"43":1,"44":1,"45":1,"46":0,"47":0,"48":0,"49":1,"50":1,"51":1,"52":0,"53":1,"54":1,"55":3,"56":3,"57":3,"58":0,"59":3,"60":3,"61":1,"62":2,"63":2,"64":2,"65":1,"66":1,"67":0,"68":0,"69":1,"70":0,"71":0,"72":0,"73":0,"74":0,"75":0,"76":0,"77":1,"78":0,"79":0,"80":0,"81":0,"82":0,"83":0,"84":0,"85":0,"86":0,"87":0,"88":0,"89":0,"90":0,"91":0,"92":0,"93":0,"94":0,"95":0,"96":0,"97":0,"98":0,"99":0,"100":0,"101":0,"102":0,"103":0,"104":0,"105":0,"106":0,"107":0,"108":0,"109":0,"110":0,"111":0,"112":0,"113":0,"114":0,"115":0,"116":0,"117":0,"118":0,"119":0,"120":0,"121":0,"122":0,"123":0,"124":0,"125":0,"126":0,"127":0,"128":0,"129":0,"130":0,"131":0,"132":0,"133":0,"134":0,"135":0,"136":0,"137":0,"138":0,"139":0,"140":0,"141":0,"142":0,"143":0,"144":0,"145":0,"146":0,"147":1,"148":0,"149":0,"150":0,"151":0,"152":0,"153":0,"154":0,"155":0,"156":0,"157":0,"158":0,"159":1,"160":0,"161":0,"162":0,"163":0,"164":0,"165":0,"166":0,"167":0,"168":0,"169":0,"170":0,"171":1},"f":{"0":1,"1":3,"2":3,"3":0,"4":0,"5":0,"6":0},"b":{"0":[1,2],"1":[3,2],"2":[0,2],"3":[2,2],"4":[0,2],"5":[0,2],"6":[0,2],"7":[2,2],"8":[0,1],"9":[0,0],"10":[0,0],"11":[1,0],"12":[1,0],"13":[0,1],"14":[0,3],"15":[3,3],"16":[1,2],"17":[1,1],"18":[0,0],"19":[0,0],"20":[0,0],"21":[0,0],"22":[0,0],"23":[0,0],"24":[0,0],"25":[0,0],"26":[0,0],"27":[0,0],"28":[0,0],"29":[0,0],"30":[0,0],"31":[0,0],"32":[0,0],"33":[0,0],"34":[0,0],"35":[0,0],"36":[0,0],"37":[0,0],"38":[0,0],"39":[0,0],"40":[0,0],"41":[0,0],"42":[0,0],"43":[0,0],"44":[0,0],"45":[0,0],"46":[0,0],"47":[0,0]},"_coverageSchema":"1a1c01bbd47fc00a2c39e90264f33305004495a9","hash":"2009df720374063d27111a1d705f8623fbef6e63"}
,"/Users/harzaan/repos/digital-marketplace/middleware/auth.js": {"path":"/Users/harzaan/repos/digital-marketplace/middleware/auth.js","statementMap":{"0":{"start":{"line":1,"column":12},"end":{"line":1,"column":35}},"1":{"start":{"line":2,"column":13},"end":{"line":2,"column":36}},"2":{"start":{"line":4,"column":16},"end":{"line":36,"column":1}},"3":{"start":{"line":7,"column":2},"end":{"line":31,"column":3}},"4":{"start":{"line":8,"column":4},"end":{"line":30,"column":5}},"5":{"start":{"line":10,"column":6},"end":{"line":10,"column":54}},"6":{"start":{"line":13,"column":22},"end":{"line":13,"column":63}},"7":{"start":{"line":16,"column":21},"end":{"line":19,"column":7}},"8":{"start":{"line":21,"column":6},"end":{"line":23,"column":7}},"9":{"start":{"line":22,"column":8},"end":{"line":22,"column":67}},"10":{"start":{"line":25,"column":6},"end":{"line":25,"column":25}},"11":{"start":{"line":26,"column":6},"end":{"line":26,"column":13}},"12":{"start":{"line":28,"column":6},"end":{"line":28,"column":27}},"13":{"start":{"line":29,"column":6},"end":{"line":29,"column":72}},"14":{"start":{"line":33,"column":2},"end":{"line":35,"column":3}},"15":{"start":{"line":34,"column":4},"end":{"line":34,"column":66}},"16":{"start":{"line":38,"column":0},"end":{"line":38,"column":29}}},"fnMap":{"0":{"name":"(anonymous_0)","decl":{"start":{"line":4,"column":16},"end":{"line":4,"column":17}},"loc":{"start":{"line":4,"column":42},"end":{"line":36,"column":1}},"line":4}},"branchMap":{"0":{"loc":{"start":{"line":7,"column":2},"end":{"line":31,"column":3}},"type":"if","locations":[{"start":{"line":7,"column":2},"end":{"line":31,"column":3}},{"start":{},"end":{}}],"line":7},"1":{"loc":{"start":{"line":7,"column":6},"end":{"line":7,"column":81}},"type":"binary-expr","locations":[{"start":{"line":7,"column":6},"end":{"line":7,"column":31}},{"start":{"line":7,"column":35},"end":{"line":7,"column":81}}],"line":7},"2":{"loc":{"start":{"line":21,"column":6},"end":{"line":23,"column":7}},"type":"if","locations":[{"start":{"line":21,"column":6},"end":{"line":23,"column":7}},{"start":{},"end":{}}],"line":21},"3":{"loc":{"start":{"line":33,"column":2},"end":{"line":35,"column":3}},"type":"if","locations":[{"start":{"line":33,"column":2},"end":{"line":35,"column":3}},{"start":{},"end":{}}],"line":33}},"s":{"0":1,"1":1,"2":1,"3":4,"4":3,"5":3,"6":3,"7":2,"8":2,"9":1,"10":1,"11":1,"12":1,"13":1,"14":3,"15":1,"16":1},"f":{"0":4},"b":{"0":[3,1],"1":[4,3],"2":[1,1],"3":[1,2]},"_coverageSchema":"1a1c01bbd47fc00a2c39e90264f33305004495a9","hash":"9b949f1e62c17180979d86d07abb4fe04a314cdc"}
,"/Users/harzaan/repos/digital-marketplace/routes/categoryRoutes.js": {"path":"/Users/harzaan/repos/digital-marketplace/routes/categoryRoutes.js","statementMap":{"0":{"start":{"line":1,"column":16},"end":{"line":1,"column":34}},"1":{"start":{"line":2,"column":15},"end":{"line":2,"column":31}},"2":{"start":{"line":3,"column":20},"end":{"line":3,"column":49}},"3":{"start":{"line":8,"column":4},"end":{"line":8,"column":48}},"4":{"start":{"line":10,"column":0},"end":{"line":10,"column":31}},"5":{"start":{"line":11,"column":0},"end":{"line":11,"column":36}},"6":{"start":{"line":12,"column":0},"end":{"line":12,"column":42}},"7":{"start":{"line":14,"column":0},"end":{"line":14,"column":24}}},"fnMap":{},"branchMap":{},"s":{"0":1,"1":1,"2":1,"3":1,"4":1,"5":1,"6":1,"7":1},"f":{},"b":{},"_coverageSchema":"1a1c01bbd47fc00a2c39e90264f33305004495a9","hash":"9803db86eb3f85551e5c712233266d70f80cae56"}
,"/Users/harzaan/repos/digital-marketplace/routes/itemRoutes.js": {"path":"/Users/harzaan/repos/digital-marketplace/routes/itemRoutes.js","statementMap":{"0":{"start":{"line":1,"column":16},"end":{"line":1,"column":34}},"1":{"start":{"line":2,"column":15},"end":{"line":2,"column":31}},"2":{"start":{"line":3,"column":20},"end":{"line":3,"column":49}},"3":{"start":{"line":10,"column":4},"end":{"line":10,"column":44}},"4":{"start":{"line":12,"column":0},"end":{"line":12,"column":38}},"5":{"start":{"line":13,"column":0},"end":{"line":13,"column":26}},"6":{"start":{"line":14,"column":0},"end":{"line":14,"column":32}},"7":{"start":{"line":15,"column":0},"end":{"line":15,"column":40}},"8":{"start":{"line":16,"column":0},"end":{"line":16,"column":43}},"9":{"start":{"line":18,"column":0},"end":{"line":18,"column":24}}},"fnMap":{},"branchMap":{},"s":{"0":1,"1":1,"2":1,"3":1,"4":1,"5":1,"6":1,"7":1,"8":1,"9":1},"f":{},"b":{},"_coverageSchema":"1a1c01bbd47fc00a2c39e90264f33305004495a9","hash":"a4bf2832a5dd95a02ada7e4c7d7a95bacbe48208"}
}
