TN:
SF:config/db.js
FNF:0
FNH:0
DA:1,3
DA:3,3
DA:14,3
LF:3
LH:3
BRDA:5,0,0,3
BRDA:5,0,1,3
BRF:2
BRH:2
end_of_record
TN:
SF:controllers/alertController.js
FN:6,(anonymous_0)
FN:132,(anonymous_1)
FN:186,(anonymous_2)
FN:233,(anonymous_3)
FN:280,(anonymous_4)
FN:293,(anonymous_5)
FNF:6
FNH:1
FNDA:8,(anonymous_0)
FNDA:0,(anonymous_1)
FNDA:0,(anonymous_2)
FNDA:0,(anonymous_3)
FNDA:0,(anonymous_4)
FNDA:0,(anonymous_5)
DA:1,1
DA:6,1
DA:7,8
DA:8,8
DA:10,8
DA:12,8
DA:13,1
DA:14,1
DA:18,7
DA:19,1
DA:20,1
DA:24,6
DA:29,6
DA:30,1
DA:31,1
DA:34,5
DA:37,5
DA:38,5
DA:43,5
DA:44,1
DA:45,1
DA:48,4
DA:51,4
DA:52,1
DA:53,1
DA:57,3
DA:58,1
DA:59,1
DA:66,2
DA:67,0
DA:72,0
DA:73,0
DA:74,0
DA:79,2
DA:80,2
DA:82,2
DA:83,2
DA:84,2
DA:86,0
DA:89,2
DA:90,0
DA:91,0
DA:93,2
DA:96,2
DA:98,2
DA:99,1
DA:100,1
DA:104,1
DA:109,1
DA:110,0
DA:111,0
DA:114,1
DA:119,1
DA:120,1
DA:123,0
DA:124,0
DA:125,0
DA:132,1
DA:133,0
DA:135,0
DA:136,0
DA:137,0
DA:140,0
DA:156,0
DA:165,0
DA:166,0
DA:168,0
DA:178,0
DA:179,0
DA:186,1
DA:187,0
DA:188,0
DA:191,0
DA:196,0
DA:197,0
DA:198,0
DA:201,0
DA:204,0
DA:205,0
DA:206,0
DA:210,0
DA:215,0
DA:216,0
DA:217,0
DA:220,0
DA:221,0
DA:224,0
DA:225,0
DA:226,0
DA:233,1
DA:234,0
DA:235,0
DA:238,0
DA:243,0
DA:244,0
DA:245,0
DA:248,0
DA:251,0
DA:252,0
DA:253,0
DA:257,0
DA:262,0
DA:263,0
DA:264,0
DA:267,0
DA:268,0
DA:271,0
DA:272,0
DA:273,0
DA:280,1
DA:281,0
DA:282,0
DA:283,0
DA:285,0
DA:286,0
DA:293,1
DA:294,0
DA:295,0
DA:297,0
DA:302,0
DA:303,0
DA:309,0
DA:310,0
DA:311,0
DA:315,1
LF:125
LH:51
BRDA:12,0,0,1
BRDA:12,0,1,7
BRDA:18,1,0,1
BRDA:18,1,1,6
BRDA:18,2,0,7
BRDA:18,2,1,1
BRDA:29,3,0,1
BRDA:29,3,1,5
BRDA:37,4,0,5
BRDA:37,4,1,0
BRDA:43,5,0,1
BRDA:43,5,1,4
BRDA:51,6,0,1
BRDA:51,6,1,3
BRDA:57,7,0,1
BRDA:57,7,1,2
BRDA:57,8,0,3
BRDA:57,8,1,3
BRDA:57,8,2,3
BRDA:66,9,0,0
BRDA:66,9,1,2
BRDA:72,10,0,0
BRDA:72,10,1,0
BRDA:82,11,0,2
BRDA:82,11,1,0
BRDA:89,12,0,0
BRDA:89,12,1,2
BRDA:98,13,0,1
BRDA:98,13,1,1
BRDA:106,14,0,1
BRDA:106,14,1,0
BRDA:106,15,0,1
BRDA:106,15,1,1
BRDA:106,16,0,1
BRDA:106,16,1,0
BRDA:109,17,0,0
BRDA:109,17,1,1
BRDA:135,18,0,0
BRDA:135,18,1,0
BRDA:136,19,0,0
BRDA:136,19,1,0
BRDA:196,20,0,0
BRDA:196,20,1,0
BRDA:204,21,0,0
BRDA:204,21,1,0
BRDA:215,22,0,0
BRDA:215,22,1,0
BRDA:243,23,0,0
BRDA:243,23,1,0
BRDA:251,24,0,0
BRDA:251,24,1,0
BRDA:262,25,0,0
BRDA:262,25,1,0
BRF:53
BRH:28
end_of_record
TN:
SF:controllers/categoryController.js
FN:6,(anonymous_0)
FN:19,(anonymous_1)
FN:40,(anonymous_2)
FNF:3
FNH:2
FNDA:2,(anonymous_0)
FNDA:2,(anonymous_1)
FNDA:0,(anonymous_2)
DA:1,2
DA:6,2
DA:7,2
DA:8,2
DA:9,1
DA:11,1
DA:12,1
DA:19,2
DA:20,2
DA:21,2
DA:26,2
DA:27,1
DA:30,1
DA:32,0
DA:33,0
DA:40,2
DA:41,0
DA:42,0
DA:44,0
DA:45,0
DA:48,0
DA:53,0
DA:54,0
DA:59,0
DA:61,0
DA:64,0
DA:65,0
DA:69,2
LF:28
LH:15
BRDA:26,0,0,1
BRDA:26,0,1,1
BRDA:44,1,0,0
BRDA:44,1,1,0
BRDA:50,2,0,0
BRDA:50,2,1,0
BRDA:53,3,0,0
BRDA:53,3,1,0
BRF:8
BRH:2
end_of_record
TN:
SF:controllers/itemController.js
FN:7,(anonymous_0)
FN:41,(anonymous_1)
FN:70,(anonymous_2)
FN:199,(anonymous_3)
FN:278,(anonymous_4)
FN:338,(anonymous_5)
FN:505,(anonymous_6)
FNF:7
FNH:2
FNDA:0,(anonymous_0)
FNDA:0,(anonymous_1)
FNDA:0,(anonymous_2)
FNDA:2,(anonymous_3)
FNDA:2,(anonymous_4)
FNDA:0,(anonymous_5)
FNDA:0,(anonymous_6)
DA:1,2
DA:2,2
DA:3,2
DA:4,2
DA:7,2
DA:8,0
DA:10,0
DA:19,0
DA:24,0
DA:25,0
DA:28,0
DA:29,0
DA:36,0
DA:41,2
DA:42,0
DA:44,0
DA:53,0
DA:54,0
DA:55,0
DA:63,0
DA:70,2
DA:71,0
DA:72,0
DA:74,0
DA:77,0
DA:78,0
DA:79,0
DA:82,0
DA:83,0
DA:84,0
DA:87,0
DA:88,0
DA:89,0
DA:93,0
DA:98,0
DA:99,0
DA:100,0
DA:104,0
DA:105,0
DA:108,0
DA:109,0
DA:112,0
DA:113,0
DA:114,0
DA:115,0
DA:119,0
DA:120,0
DA:121,0
DA:124,0
DA:125,0
DA:128,0
DA:130,0
DA:132,0
DA:133,0
DA:134,0
DA:139,0
DA:140,0
DA:143,0
DA:144,0
DA:145,0
DA:146,0
DA:149,0
DA:150,0
DA:151,0
DA:154,0
DA:155,0
DA:158,0
DA:159,0
DA:161,0
DA:162,0
DA:163,0
DA:168,0
DA:173,0
DA:174,0
DA:175,0
DA:178,0
DA:184,0
DA:186,0
DA:187,0
DA:190,0
DA:191,0
DA:192,0
DA:199,2
DA:200,2
DA:201,2
DA:203,2
DA:205,2
DA:213,2
DA:216,2
DA:217,1
DA:218,1
DA:221,2
DA:222,0
DA:223,0
DA:226,2
DA:227,0
DA:228,0
DA:232,2
DA:239,2
DA:240,1
DA:243,2
DA:244,0
DA:247,2
DA:248,0
DA:251,2
DA:252,2
DA:255,2
DA:256,2
DA:258,2
DA:260,2
DA:270,0
DA:271,0
DA:278,2
DA:279,2
DA:281,2
DA:282,0
DA:285,2
DA:287,2
DA:296,2
DA:298,2
DA:299,1
DA:300,1
DA:304,1
DA:314,1
DA:319,1
DA:321,1
DA:327,1
DA:328,1
DA:330,0
DA:331,0
DA:338,2
DA:339,0
DA:340,0
DA:342,0
DA:345,0
DA:350,0
DA:351,0
DA:352,0
DA:355,0
DA:358,0
DA:359,0
DA:360,0
DA:364,0
DA:365,0
DA:366,0
DA:368,0
DA:369,0
DA:370,0
DA:373,0
DA:374,0
DA:375,0
DA:379,0
DA:380,0
DA:385,0
DA:386,0
DA:387,0
DA:392,0
DA:394,0
DA:395,0
DA:399,0
DA:400,0
DA:401,0
DA:404,0
DA:405,0
DA:406,0
DA:407,0
DA:411,0
DA:412,0
DA:413,0
DA:414,0
DA:419,0
DA:420,0
DA:421,0
DA:424,0
DA:425,0
DA:428,0
DA:430,0
DA:432,0
DA:433,0
DA:434,0
DA:439,0
DA:440,0
DA:441,0
DA:444,0
DA:445,0
DA:446,0
DA:447,0
DA:451,0
DA:452,0
DA:453,0
DA:454,0
DA:458,0
DA:459,0
DA:460,0
DA:463,0
DA:464,0
DA:467,0
DA:468,0
DA:470,0
DA:471,0
DA:472,0
DA:477,0
DA:482,0
DA:483,0
DA:484,0
DA:487,0
DA:492,0
DA:493,0
DA:496,0
DA:497,0
DA:498,0
DA:505,2
DA:506,0
DA:508,0
DA:511,0
DA:516,0
DA:517,0
DA:518,0
DA:521,0
DA:524,0
DA:525,0
DA:526,0
DA:530,0
DA:535,0
DA:537,0
DA:543,0
DA:549,0
DA:550,0
DA:551,0
DA:552,0
DA:557,0
DA:558,0
DA:559,0
DA:560,0
DA:565,0
DA:571,0
DA:572,0
DA:575,0
DA:576,0
DA:577,0
DA:581,2
LF:241
LH:47
BRDA:24,0,0,0
BRDA:24,0,1,0
BRDA:54,1,0,0
BRDA:54,1,1,0
BRDA:54,2,0,0
BRDA:54,2,1,0
BRDA:77,3,0,0
BRDA:77,3,1,0
BRDA:77,4,0,0
BRDA:77,4,1,0
BRDA:82,5,0,0
BRDA:82,5,1,0
BRDA:82,6,0,0
BRDA:82,6,1,0
BRDA:82,6,2,0
BRDA:87,7,0,0
BRDA:87,7,1,0
BRDA:98,8,0,0
BRDA:98,8,1,0
BRDA:108,9,0,0
BRDA:108,9,1,0
BRDA:108,10,0,0
BRDA:108,10,1,0
BRDA:113,11,0,0
BRDA:113,11,1,0
BRDA:124,12,0,0
BRDA:124,12,1,0
BRDA:139,13,0,0
BRDA:139,13,1,0
BRDA:139,14,0,0
BRDA:139,14,1,0
BRDA:144,15,0,0
BRDA:144,15,1,0
BRDA:154,16,0,0
BRDA:154,16,1,0
BRDA:170,17,0,0
BRDA:170,17,1,0
BRDA:173,18,0,0
BRDA:173,18,1,0
BRDA:201,19,0,2
BRDA:201,20,0,2
BRDA:216,21,0,1
BRDA:216,21,1,1
BRDA:221,22,0,0
BRDA:221,22,1,2
BRDA:226,23,0,0
BRDA:226,23,1,2
BRDA:239,24,0,1
BRDA:239,24,1,1
BRDA:243,25,0,0
BRDA:243,25,1,2
BRDA:247,26,0,0
BRDA:247,26,1,2
BRDA:281,27,0,0
BRDA:281,27,1,2
BRDA:281,28,0,2
BRDA:281,28,1,2
BRDA:298,29,0,1
BRDA:298,29,1,1
BRDA:319,30,0,1
BRDA:319,30,1,0
BRDA:350,31,0,0
BRDA:350,31,1,0
BRDA:358,32,0,0
BRDA:358,32,1,0
BRDA:364,33,0,0
BRDA:364,33,1,0
BRDA:365,34,0,0
BRDA:365,34,1,0
BRDA:366,35,0,0
BRDA:366,35,1,0
BRDA:368,36,0,0
BRDA:368,36,1,0
BRDA:373,37,0,0
BRDA:373,37,1,0
BRDA:373,38,0,0
BRDA:373,38,1,0
BRDA:379,39,0,0
BRDA:379,39,1,0
BRDA:385,40,0,0
BRDA:385,40,1,0
BRDA:394,41,0,0
BRDA:394,41,1,0
BRDA:400,42,0,0
BRDA:400,42,1,0
BRDA:400,43,0,0
BRDA:400,43,1,0
BRDA:405,44,0,0
BRDA:405,44,1,0
BRDA:411,45,0,0
BRDA:411,45,1,0
BRDA:413,46,0,0
BRDA:413,46,1,0
BRDA:424,47,0,0
BRDA:424,47,1,0
BRDA:440,48,0,0
BRDA:440,48,1,0
BRDA:440,49,0,0
BRDA:440,49,1,0
BRDA:445,50,0,0
BRDA:445,50,1,0
BRDA:451,51,0,0
BRDA:451,51,1,0
BRDA:453,52,0,0
BRDA:453,52,1,0
BRDA:463,53,0,0
BRDA:463,53,1,0
BRDA:479,54,0,0
BRDA:479,54,1,0
BRDA:482,55,0,0
BRDA:482,55,1,0
BRDA:516,56,0,0
BRDA:516,56,1,0
BRDA:524,57,0,0
BRDA:524,57,1,0
BRDA:535,58,0,0
BRDA:535,58,1,0
BRDA:549,59,0,0
BRDA:549,59,1,0
BRDA:551,60,0,0
BRDA:551,60,1,0
BRDA:557,61,0,0
BRDA:557,61,1,0
BRDA:559,62,0,0
BRDA:559,62,1,0
BRF:125
BRH:16
end_of_record
TN:
SF:controllers/userController.js
FN:12,(anonymous_0)
FN:21,(anonymous_1)
FN:124,(anonymous_2)
FN:171,(anonymous_3)
FN:192,(anonymous_4)
FN:354,(anonymous_5)
FN:388,(anonymous_6)
FNF:7
FNH:3
FNDA:1,(anonymous_0)
FNDA:3,(anonymous_1)
FNDA:3,(anonymous_2)
FNDA:0,(anonymous_3)
FNDA:0,(anonymous_4)
FNDA:0,(anonymous_5)
FNDA:0,(anonymous_6)
DA:1,1
DA:2,1
DA:3,1
DA:4,1
DA:5,1
DA:6,1
DA:9,1
DA:12,1
DA:13,1
DA:21,1
DA:22,3
DA:23,3
DA:25,3
DA:28,3
DA:29,1
DA:30,1
DA:33,2
DA:34,0
DA:35,0
DA:38,2
DA:39,0
DA:40,0
DA:44,2
DA:45,0
DA:46,0
DA:50,2
DA:51,2
DA:52,2
DA:53,0
DA:54,0
DA:60,2
DA:65,1
DA:66,0
DA:67,0
DA:70,0
DA:71,0
DA:72,0
DA:73,0
DA:76,0
DA:77,0
DA:81,1
DA:82,1
DA:85,1
DA:90,1
DA:91,1
DA:92,1
DA:95,0
DA:100,0
DA:101,0
DA:107,1
DA:108,1
DA:111,1
DA:112,0
DA:117,1
DA:124,1
DA:125,3
DA:126,3
DA:128,3
DA:129,0
DA:133,3
DA:138,3
DA:139,1
DA:142,2
DA:145,2
DA:147,2
DA:148,1
DA:153,1
DA:163,0
DA:164,0
DA:171,1
DA:172,0
DA:173,0
DA:178,0
DA:179,0
DA:182,0
DA:184,0
DA:185,0
DA:192,1
DA:193,0
DA:194,0
DA:196,0
DA:199,0
DA:204,0
DA:205,0
DA:206,0
DA:209,0
DA:212,0
DA:213,0
DA:214,0
DA:215,0
DA:219,0
DA:224,0
DA:225,0
DA:226,0
DA:231,0
DA:232,0
DA:233,0
DA:234,0
DA:238,0
DA:243,0
DA:244,0
DA:245,0
DA:250,0
DA:258,0
DA:260,0
DA:261,0
DA:262,0
DA:265,0
DA:266,0
DA:267,0
DA:268,0
DA:269,0
DA:274,0
DA:275,0
DA:279,0
DA:280,0
DA:281,0
DA:284,0
DA:285,0
DA:286,0
DA:287,0
DA:291,0
DA:292,0
DA:293,0
DA:294,0
DA:299,0
DA:300,0
DA:301,0
DA:304,0
DA:305,0
DA:308,0
DA:309,0
DA:311,0
DA:312,0
DA:313,0
DA:318,0
DA:323,0
DA:324,0
DA:325,0
DA:328,0
DA:333,0
DA:334,0
DA:337,0
DA:338,0
DA:341,0
DA:342,0
DA:347,0
DA:354,1
DA:355,0
DA:357,0
DA:358,0
DA:359,0
DA:361,0
DA:366,0
DA:367,0
DA:368,0
DA:370,0
DA:380,0
DA:381,0
DA:388,1
DA:389,0
DA:390,0
DA:397,0
DA:398,0
DA:402,0
DA:410,0
DA:419,0
DA:429,0
DA:437,0
DA:439,0
DA:440,0
DA:444,1
LF:172
LH:51
BRDA:28,0,0,1
BRDA:28,0,1,2
BRDA:28,1,0,3
BRDA:28,1,1,2
BRDA:33,2,0,0
BRDA:33,2,1,2
BRDA:33,3,0,2
BRDA:33,3,1,2
BRDA:38,4,0,0
BRDA:38,4,1,2
BRDA:44,5,0,0
BRDA:44,5,1,2
BRDA:52,6,0,0
BRDA:52,6,1,2
BRDA:52,7,0,2
BRDA:52,7,1,2
BRDA:65,8,0,0
BRDA:65,8,1,1
BRDA:70,9,0,0
BRDA:70,9,1,0
BRDA:72,10,0,0
BRDA:72,10,1,0
BRDA:87,11,0,1
BRDA:87,11,1,0
BRDA:90,12,0,1
BRDA:90,12,1,0
BRDA:111,13,0,0
BRDA:111,13,1,1
BRDA:128,14,0,0
BRDA:128,14,1,3
BRDA:128,15,0,3
BRDA:128,15,1,3
BRDA:138,16,0,1
BRDA:138,16,1,2
BRDA:147,17,0,1
BRDA:147,17,1,1
BRDA:178,18,0,0
BRDA:178,18,1,0
BRDA:204,19,0,0
BRDA:204,19,1,0
BRDA:212,20,0,0
BRDA:212,20,1,0
BRDA:212,21,0,0
BRDA:212,21,1,0
BRDA:213,22,0,0
BRDA:213,22,1,0
BRDA:224,23,0,0
BRDA:224,23,1,0
BRDA:231,24,0,0
BRDA:231,24,1,0
BRDA:231,25,0,0
BRDA:231,25,1,0
BRDA:232,26,0,0
BRDA:232,26,1,0
BRDA:243,27,0,0
BRDA:243,27,1,0
BRDA:251,28,0,0
BRDA:251,28,1,0
BRDA:252,29,0,0
BRDA:252,29,1,0
BRDA:253,30,0,0
BRDA:253,30,1,0
BRDA:258,31,0,0
BRDA:258,31,1,0
BRDA:260,32,0,0
BRDA:260,32,1,0
BRDA:267,33,0,0
BRDA:267,33,1,0
BRDA:267,34,0,0
BRDA:267,34,1,0
BRDA:280,35,0,0
BRDA:280,35,1,0
BRDA:280,36,0,0
BRDA:280,36,1,0
BRDA:285,37,0,0
BRDA:285,37,1,0
BRDA:291,38,0,0
BRDA:291,38,1,0
BRDA:293,39,0,0
BRDA:293,39,1,0
BRDA:304,40,0,0
BRDA:304,40,1,0
BRDA:323,41,0,0
BRDA:323,41,1,0
BRDA:341,42,0,0
BRDA:341,42,1,0
BRDA:357,43,0,0
BRDA:357,43,1,0
BRDA:358,44,0,0
BRDA:358,44,1,0
BRDA:397,45,0,0
BRDA:397,45,1,0
BRDA:432,46,0,0
BRDA:432,46,1,0
BRDA:433,47,0,0
BRDA:433,47,1,0
BRF:96
BRH:23
end_of_record
TN:
SF:middleware/auth.js
FN:4,(anonymous_0)
FNF:1
FNH:1
FNDA:4,(anonymous_0)
DA:1,1
DA:2,1
DA:4,1
DA:7,4
DA:8,3
DA:10,3
DA:13,3
DA:16,2
DA:21,2
DA:22,1
DA:25,1
DA:26,1
DA:28,1
DA:29,1
DA:33,3
DA:34,1
DA:38,1
LF:17
LH:17
BRDA:7,0,0,3
BRDA:7,0,1,1
BRDA:7,1,0,4
BRDA:7,1,1,3
BRDA:21,2,0,1
BRDA:21,2,1,1
BRDA:33,3,0,1
BRDA:33,3,1,2
BRF:8
BRH:8
end_of_record
TN:
SF:routes/categoryRoutes.js
FNF:0
FNH:0
DA:1,1
DA:2,1
DA:3,1
DA:8,1
DA:10,1
DA:11,1
DA:12,1
DA:14,1
LF:8
LH:8
BRF:0
BRH:0
end_of_record
TN:
SF:routes/itemRoutes.js
FNF:0
FNH:0
DA:1,1
DA:2,1
DA:3,1
DA:10,1
DA:12,1
DA:13,1
DA:14,1
DA:15,1
DA:16,1
DA:18,1
LF:10
LH:10
BRF:0
BRH:0
end_of_record
